{"/Users/duanguang/Documents/Front-End/legions/legion-guard/packages/legions-lunar/dist/legions-lunar.esm.js": {"path":"/Users/duanguang/Documents/Front-End/legions/legion-guard/packages/legions-lunar/dist/legions-lunar.esm.js","statementMap":{"0":{"start":{"line":6,"column":0},"end":{"line":6,"column":54}},"1":{"start":{"line":7,"column":0},"end":{"line":7,"column":42}},"2":{"start":{"line":8,"column":0},"end":{"line":8,"column":32}},"3":{"start":{"line":9,"column":0},"end":{"line":9,"column":39}},"4":{"start":{"line":27,"column":12},"end":{"line":27,"column":62}},"5":{"start":{"line":28,"column":4},"end":{"line":28,"column":21}},"6":{"start":{"line":28,"column":12},"end":{"line":28,"column":21}},"7":{"start":{"line":29,"column":12},"end":{"line":29,"column":21}},"8":{"start":{"line":29,"column":31},"end":{"line":29,"column":33}},"9":{"start":{"line":30,"column":4},"end":{"line":39,"column":null}},"10":{"start":{"line":31,"column":8},"end":{"line":31,"column":83}},"11":{"start":{"line":31,"column":66},"end":{"line":31,"column":83}},"12":{"start":{"line":33,"column":20},"end":{"line":33,"column":41}},"13":{"start":{"line":35,"column":8},"end":{"line":38,"column":null}},"14":{"start":{"line":36,"column":12},"end":{"line":36,"column":61}},"15":{"start":{"line":36,"column":51},"end":{"line":36,"column":61}},"16":{"start":{"line":38,"column":18},"end":{"line":38,"column":39}},"17":{"start":{"line":38,"column":25},"end":{"line":38,"column":39}},"18":{"start":{"line":40,"column":4},"end":{"line":40,"column":14}},"19":{"start":{"line":44,"column":4},"end":{"line":45,"column":45}},"20":{"start":{"line":44,"column":18},"end":{"line":44,"column":20}},"21":{"start":{"line":44,"column":26},"end":{"line":44,"column":27}},"22":{"start":{"line":45,"column":8},"end":{"line":45,"column":45}},"23":{"start":{"line":46,"column":4},"end":{"line":46,"column":14}},"24":{"start":{"line":49,"column":22},"end":{"line":53,"column":8}},"25":{"start":{"line":50,"column":4},"end":{"line":52,"column":12}},"26":{"start":{"line":51,"column":8},"end":{"line":51,"column":19}},"27":{"start":{"line":65,"column":21},"end":{"line":65,"column":23}},"28":{"start":{"line":66,"column":4},"end":{"line":68,"column":null}},"29":{"start":{"line":66,"column":18},"end":{"line":66,"column":19}},"30":{"start":{"line":67,"column":8},"end":{"line":67,"column":43}},"31":{"start":{"line":69,"column":17},"end":{"line":69,"column":30}},"32":{"start":{"line":71,"column":16},"end":{"line":71,"column":20}},"33":{"start":{"line":72,"column":4},"end":{"line":135,"column":null}},"34":{"start":{"line":73,"column":8},"end":{"line":78,"column":null}},"35":{"start":{"line":74,"column":12},"end":{"line":74,"column":66}},"36":{"start":{"line":77,"column":12},"end":{"line":77,"column":34}},"37":{"start":{"line":79,"column":21},"end":{"line":79,"column":25}},"38":{"start":{"line":80,"column":8},"end":{"line":85,"column":null}},"39":{"start":{"line":81,"column":12},"end":{"line":83,"column":null}},"40":{"start":{"line":82,"column":16},"end":{"line":82,"column":49}},"41":{"start":{"line":84,"column":12},"end":{"line":84,"column":31}},"42":{"start":{"line":86,"column":22},"end":{"line":115,"column":9}},"43":{"start":{"line":87,"column":12},"end":{"line":87,"column":null}},"44":{"start":{"line":87,"column":47},"end":{"line":87,"column":71}},"45":{"start":{"line":88,"column":27},"end":{"line":114,"column":53}},"46":{"start":{"line":89,"column":28},"end":{"line":104,"column":18}},"47":{"start":{"line":105,"column":16},"end":{"line":105,"column":29}},"48":{"start":{"line":107,"column":16},"end":{"line":107,"column":59}},"49":{"start":{"line":108,"column":16},"end":{"line":108,"column":50}},"50":{"start":{"line":109,"column":16},"end":{"line":111,"column":null}},"51":{"start":{"line":110,"column":20},"end":{"line":110,"column":39}},"52":{"start":{"line":113,"column":16},"end":{"line":113,"column":60}},"53":{"start":{"line":116,"column":30},"end":{"line":123,"column":9}},"54":{"start":{"line":117,"column":12},"end":{"line":122,"column":null}},"55":{"start":{"line":118,"column":16},"end":{"line":118,"column":90}},"56":{"start":{"line":121,"column":16},"end":{"line":121,"column":104}},"57":{"start":{"line":124,"column":8},"end":{"line":133,"column":null}},"58":{"start":{"line":125,"column":12},"end":{"line":125,"column":30}},"59":{"start":{"line":126,"column":12},"end":{"line":126,"column":22}},"60":{"start":{"line":129,"column":12},"end":{"line":132,"column":15}},"61":{"start":{"line":130,"column":16},"end":{"line":130,"column":34}},"62":{"start":{"line":131,"column":16},"end":{"line":131,"column":31}},"63":{"start":{"line":134,"column":8},"end":{"line":134,"column":21}},"64":{"start":{"line":138,"column":9},"end":{"line":138,"column":30}}},"fnMap":{"0":{"name":"__read","decl":{"start":{"line":26,"column":9},"end":{"line":26,"column":15}},"loc":{"start":{"line":26,"column":20},"end":{"line":41,"column":1}}},"1":{"name":"__spread","decl":{"start":{"line":43,"column":9},"end":{"line":43,"column":17}},"loc":{"start":{"line":43,"column":17},"end":{"line":47,"column":1}}},"2":{"name":"(anonymous_2)","decl":{"start":{"line":49,"column":31},"end":{"line":49,"column":41}},"loc":{"start":{"line":49,"column":43},"end":{"line":53,"column":1}}},"3":{"name":"(anonymous_3)","decl":{"start":{"line":50,"column":15},"end":{"line":50,"column":null}},"loc":{"start":{"line":50,"column":15},"end":{"line":52,"column":5}}},"4":{"name":"pagingQueryProcessing","decl":{"start":{"line":64,"column":9},"end":{"line":64,"column":30}},"loc":{"start":{"line":64,"column":38},"end":{"line":136,"column":1}}},"5":{"name":"(anonymous_5)","decl":{"start":{"line":86,"column":22},"end":{"line":86,"column":32}},"loc":{"start":{"line":86,"column":48},"end":{"line":115,"column":9}}},"6":{"name":"(anonymous_6)","decl":{"start":{"line":88,"column":36},"end":{"line":88,"column":null}},"loc":{"start":{"line":88,"column":36},"end":{"line":106,"column":13}}},"7":{"name":"(anonymous_7)","decl":{"start":{"line":106,"column":15},"end":{"line":106,"column":25}},"loc":{"start":{"line":106,"column":40},"end":{"line":114,"column":13}}},"8":{"name":"(anonymous_8)","decl":{"start":{"line":116,"column":30},"end":{"line":116,"column":null}},"loc":{"start":{"line":116,"column":30},"end":{"line":123,"column":9}}},"9":{"name":"(anonymous_9)","decl":{"start":{"line":129,"column":28},"end":{"line":129,"column":null}},"loc":{"start":{"line":129,"column":28},"end":{"line":132,"column":13}}}},"branchMap":{"0":{"loc":{"start":{"line":27,"column":12},"end":{"line":27,"column":40}},"type":"binary-expr","locations":[{"start":{"line":27,"column":12},"end":{"line":27,"column":40}},{"start":{"line":27,"column":44},"end":{"line":27,"column":62}}]},"1":{"loc":{"start":{"line":28,"column":4},"end":{"line":28,"column":21}},"type":"if","locations":[{"start":{"line":28,"column":4},"end":{"line":28,"column":21}},{"start":{"line":28,"column":4},"end":{"line":28,"column":21}}]},"2":{"loc":{"start":{"line":31,"column":16},"end":{"line":31,"column":28}},"type":"binary-expr","locations":[{"start":{"line":31,"column":16},"end":{"line":31,"column":28}},{"start":{"line":31,"column":32},"end":{"line":31,"column":39}},{"start":{"line":31,"column":44},"end":{"line":31,"column":64}}]},"3":{"loc":{"start":{"line":36,"column":12},"end":{"line":36,"column":61}},"type":"if","locations":[{"start":{"line":36,"column":12},"end":{"line":36,"column":61}},{"start":{"line":36,"column":12},"end":{"line":36,"column":61}}]},"4":{"loc":{"start":{"line":36,"column":16},"end":{"line":36,"column":17}},"type":"binary-expr","locations":[{"start":{"line":36,"column":16},"end":{"line":36,"column":17}},{"start":{"line":36,"column":21},"end":{"line":36,"column":28}},{"start":{"line":36,"column":33},"end":{"line":36,"column":48}}]},"5":{"loc":{"start":{"line":38,"column":18},"end":{"line":38,"column":39}},"type":"if","locations":[{"start":{"line":38,"column":18},"end":{"line":38,"column":39}},{"start":{"line":38,"column":18},"end":{"line":38,"column":39}}]},"6":{"loc":{"start":{"line":51,"column":8},"end":{"line":51,"column":10}},"type":"binary-expr","locations":[{"start":{"line":51,"column":8},"end":{"line":51,"column":10}},{"start":{"line":51,"column":14},"end":{"line":51,"column":18}}]},"7":{"loc":{"start":{"line":72,"column":4},"end":{"line":135,"column":null}},"type":"if","locations":[{"start":{"line":72,"column":4},"end":{"line":135,"column":null}},{"start":{"line":72,"column":4},"end":{"line":135,"column":null}}]},"8":{"loc":{"start":{"line":73,"column":8},"end":{"line":78,"column":null}},"type":"if","locations":[{"start":{"line":73,"column":8},"end":{"line":78,"column":null}},{"start":{"line":73,"column":8},"end":{"line":78,"column":null}}]},"9":{"loc":{"start":{"line":73,"column":12},"end":{"line":73,"column":47}},"type":"binary-expr","locations":[{"start":{"line":73,"column":12},"end":{"line":73,"column":47}},{"start":{"line":73,"column":51},"end":{"line":73,"column":64}}]},"10":{"loc":{"start":{"line":80,"column":8},"end":{"line":85,"column":null}},"type":"if","locations":[{"start":{"line":80,"column":8},"end":{"line":85,"column":null}},{"start":{"line":80,"column":8},"end":{"line":85,"column":null}}]},"11":{"loc":{"start":{"line":81,"column":12},"end":{"line":83,"column":null}},"type":"if","locations":[{"start":{"line":81,"column":12},"end":{"line":83,"column":null}},{"start":{"line":81,"column":12},"end":{"line":83,"column":null}}]},"12":{"loc":{"start":{"line":87,"column":12},"end":{"line":87,"column":null}},"type":"if","locations":[{"start":{"line":87,"column":12},"end":{"line":87,"column":null}},{"start":{"line":87,"column":12},"end":{"line":87,"column":null}}]},"13":{"loc":{"start":{"line":109,"column":16},"end":{"line":111,"column":null}},"type":"if","locations":[{"start":{"line":109,"column":16},"end":{"line":111,"column":null}},{"start":{"line":109,"column":16},"end":{"line":111,"column":null}}]},"14":{"loc":{"start":{"line":113,"column":16},"end":{"line":113,"column":32}},"type":"binary-expr","locations":[{"start":{"line":113,"column":16},"end":{"line":113,"column":32}},{"start":{"line":113,"column":36},"end":{"line":113,"column":59}}]},"15":{"loc":{"start":{"line":117,"column":12},"end":{"line":122,"column":null}},"type":"if","locations":[{"start":{"line":117,"column":12},"end":{"line":122,"column":null}},{"start":{"line":117,"column":12},"end":{"line":122,"column":null}}]},"16":{"loc":{"start":{"line":124,"column":8},"end":{"line":133,"column":null}},"type":"if","locations":[{"start":{"line":124,"column":8},"end":{"line":133,"column":null}},{"start":{"line":124,"column":8},"end":{"line":133,"column":null}}]}},"s":{"0":1,"1":1,"2":1,"3":1,"4":0,"5":0,"6":0,"7":0,"8":0,"9":0,"10":0,"11":0,"12":0,"13":0,"14":0,"15":0,"16":0,"17":0,"18":0,"19":0,"20":0,"21":0,"22":0,"23":0,"24":1,"25":0,"26":0,"27":0,"28":0,"29":0,"30":0,"31":0,"32":0,"33":0,"34":0,"35":0,"36":0,"37":0,"38":0,"39":0,"40":0,"41":0,"42":0,"43":0,"44":0,"45":0,"46":0,"47":0,"48":0,"49":0,"50":0,"51":0,"52":0,"53":0,"54":0,"55":0,"56":0,"57":0,"58":0,"59":0,"60":0,"61":0,"62":0,"63":0,"64":1},"f":{"0":0,"1":0,"2":0,"3":0,"4":0,"5":0,"6":0,"7":0,"8":0,"9":0},"b":{"0":[0,0],"1":[0,0],"2":[0,0,0],"3":[0,0],"4":[0,0,0],"5":[0,0],"6":[0,0],"7":[0,0],"8":[0,0],"9":[0,0],"10":[0,0],"11":[0,0],"12":[0,0],"13":[0,0],"14":[0,0],"15":[0,0],"16":[0,0]}}
}
