<?xml version="1.0" encoding="UTF-8"?>
<coverage generated="1601030533060" clover="3.2.0">
  <project timestamp="1601030533060" name="All files">
    <metrics statements="12" coveredstatements="12" conditionals="9" coveredconditionals="8" methods="6" coveredmethods="6" elements="27" coveredelements="26" complexity="0" loc="12" ncloc="12" packages="1" files="1" classes="1"/>
    <file name="index.ts" path="E:\hoolinks\legion-guard\packages\legions-utils-tool\src\type.validation\index.ts">
      <metrics statements="12" coveredstatements="12" conditionals="9" coveredconditionals="8" methods="6" coveredmethods="6"/>
      <line num="4" count="1" type="stmt"/>
      <line num="5" count="1" type="cond" truecount="3" falsecount="0"/>
      <line num="6" count="1" type="stmt"/>
      <line num="7" count="2" type="stmt"/>
      <line num="9" count="1" type="stmt"/>
      <line num="10" count="2" type="stmt"/>
      <line num="12" count="1" type="stmt"/>
      <line num="13" count="1" type="stmt"/>
      <line num="19" count="1" type="stmt"/>
      <line num="20" count="1" type="stmt"/>
      <line num="22" count="1" type="stmt"/>
      <line num="23" count="3" type="cond" truecount="2" falsecount="0"/>
    </file>
  </project>
</coverage>
