{"/Users/duanguang/Documents/Front-End/legions/legion-guard/packages/legions-utils-tool/src/cookie/index.ts": {"path":"/Users/duanguang/Documents/Front-End/legions/legion-guard/packages/legions-utils-tool/src/cookie/index.ts","statementMap":{"0":{"start":{"line":10,"column":14},"end":{"line":10,"column":24}},"1":{"start":{"line":11,"column":2},"end":{"line":11,"column":40}},"2":{"start":{"line":12,"column":2},"end":{"line":12,"column":61}},"3":{"start":{"line":9,"column":0},"end":{"line":9,"column":16}},"4":{"start":{"line":23,"column":2},"end":{"line":31,"column":null}},"5":{"start":{"line":24,"column":14},"end":{"line":24,"column":41}},"6":{"start":{"line":25,"column":4},"end":{"line":30,"column":null}},"7":{"start":{"line":25,"column":17},"end":{"line":25,"column":18}},"8":{"start":{"line":26,"column":17},"end":{"line":26,"column":34}},"9":{"start":{"line":27,"column":6},"end":{"line":29,"column":null}},"10":{"start":{"line":28,"column":8},"end":{"line":28,"column":23}},"11":{"start":{"line":33,"column":2},"end":{"line":33,"column":31}},"12":{"start":{"line":22,"column":0},"end":{"line":22,"column":16}},"13":{"start":{"line":44,"column":2},"end":{"line":44,"column":25}},"14":{"start":{"line":42,"column":0},"end":{"line":42,"column":16}},"15":{"start":{"line":53,"column":13},"end":{"line":53,"column":52}},"16":{"start":{"line":54,"column":2},"end":{"line":64,"column":null}},"17":{"start":{"line":55,"column":4},"end":{"line":57,"column":67}},"18":{"start":{"line":55,"column":17},"end":{"line":55,"column":28}},"19":{"start":{"line":56,"column":6},"end":{"line":57,"column":67}},"20":{"start":{"line":58,"column":4},"end":{"line":63,"column":32}},"21":{"start":{"line":52,"column":0},"end":{"line":52,"column":16}}},"fnMap":{"0":{"name":"setCookie","decl":{"start":{"line":9,"column":16},"end":{"line":9,"column":25}},"loc":{"start":{"line":9,"column":67},"end":{"line":13,"column":1}}},"1":{"name":"getCookie","decl":{"start":{"line":22,"column":16},"end":{"line":22,"column":25}},"loc":{"start":{"line":22,"column":38},"end":{"line":34,"column":1}}},"2":{"name":"removeCookie","decl":{"start":{"line":42,"column":16},"end":{"line":42,"column":28}},"loc":{"start":{"line":42,"column":41},"end":{"line":45,"column":1}}},"3":{"name":"clearAllCookie","decl":{"start":{"line":52,"column":16},"end":{"line":52,"column":30}},"loc":{"start":{"line":52,"column":30},"end":{"line":65,"column":1}}}},"branchMap":{"0":{"loc":{"start":{"line":23,"column":2},"end":{"line":31,"column":null}},"type":"if","locations":[{"start":{"line":23,"column":2},"end":{"line":31,"column":null}},{"start":{"line":23,"column":2},"end":{"line":31,"column":null}}]},"1":{"loc":{"start":{"line":27,"column":6},"end":{"line":29,"column":null}},"type":"if","locations":[{"start":{"line":27,"column":6},"end":{"line":29,"column":null}},{"start":{"line":27,"column":6},"end":{"line":29,"column":null}}]},"2":{"loc":{"start":{"line":33,"column":9},"end":{"line":33,"column":24}},"type":"binary-expr","locations":[{"start":{"line":33,"column":9},"end":{"line":33,"column":24}},{"start":{"line":33,"column":28},"end":{"line":33,"column":30}}]},"3":{"loc":{"start":{"line":54,"column":2},"end":{"line":64,"column":null}},"type":"if","locations":[{"start":{"line":54,"column":2},"end":{"line":64,"column":null}},{"start":{"line":54,"column":2},"end":{"line":64,"column":null}}]}},"s":{"0":3,"1":3,"2":3,"3":1,"4":6,"5":5,"6":5,"7":5,"8":5,"9":5,"10":1,"11":5,"12":1,"13":1,"14":1,"15":2,"16":2,"17":1,"18":1,"19":1,"20":1,"21":1},"f":{"0":3,"1":6,"2":1,"3":2},"b":{"0":[5,1],"1":[1,4],"2":[5,5],"3":[1,1]}}
,"/Users/duanguang/Documents/Front-End/legions/legion-guard/packages/legions-utils-tool/src/debounce/index.ts": {"path":"/Users/duanguang/Documents/Front-End/legions/legion-guard/packages/legions-utils-tool/src/debounce/index.ts","statementMap":{"0":{"start":{"line":3,"column":2},"end":{"line":11,"column":4}},"1":{"start":{"line":4,"column":4},"end":{"line":4,"column":26}},"2":{"start":{"line":6,"column":18},"end":{"line":6,"column":22}},"3":{"start":{"line":7,"column":13},"end":{"line":7,"column":22}},"4":{"start":{"line":8,"column":4},"end":{"line":10,"column":14}},"5":{"start":{"line":9,"column":6},"end":{"line":9,"column":32}},"6":{"start":{"line":1,"column":0},"end":{"line":1,"column":16}}},"fnMap":{"0":{"name":"debounce","decl":{"start":{"line":1,"column":16},"end":{"line":1,"column":24}},"loc":{"start":{"line":1,"column":54},"end":{"line":12,"column":1}}},"1":{"name":"(anonymous_1)","decl":{"start":{"line":3,"column":9},"end":{"line":3,"column":null}},"loc":{"start":{"line":3,"column":9},"end":{"line":11,"column":3}}},"2":{"name":"(anonymous_2)","decl":{"start":{"line":8,"column":25},"end":{"line":8,"column":null}},"loc":{"start":{"line":8,"column":25},"end":{"line":10,"column":5}}}},"branchMap":{},"s":{"0":1,"1":4,"2":4,"3":4,"4":4,"5":1,"6":1},"f":{"0":1,"1":4,"2":1},"b":{}}
,"/Users/duanguang/Documents/Front-End/legions/legion-guard/packages/legions-utils-tool/src/download/index.ts": {"path":"/Users/duanguang/Documents/Front-End/legions/legion-guard/packages/legions-utils-tool/src/download/index.ts","statementMap":{"0":{"start":{"line":3,"column":10},"end":{"line":3,"column":11}},"1":{"start":{"line":5,"column":2},"end":{"line":32,"column":7}},"2":{"start":{"line":6,"column":16},"end":{"line":6,"column":48}},"3":{"start":{"line":7,"column":4},"end":{"line":7,"column":33}},"4":{"start":{"line":8,"column":4},"end":{"line":8,"column":26}},"5":{"start":{"line":9,"column":4},"end":{"line":9,"column":48}},"6":{"start":{"line":12,"column":19},"end":{"line":31,"column":11}},"7":{"start":{"line":13,"column":6},"end":{"line":30,"column":null}},"8":{"start":{"line":19,"column":8},"end":{"line":19,"column":32}},"9":{"start":{"line":22,"column":8},"end":{"line":25,"column":17}},"10":{"start":{"line":24,"column":10},"end":{"line":24,"column":46}},"11":{"start":{"line":27,"column":8},"end":{"line":29,"column":null}},"12":{"start":{"line":28,"column":10},"end":{"line":28,"column":25}},"13":{"start":{"line":37,"column":2},"end":{"line":37,"column":48}},"14":{"start":{"line":41,"column":10},"end":{"line":41,"column":37}},"15":{"start":{"line":42,"column":2},"end":{"line":42,"column":15}},"16":{"start":{"line":44,"column":2},"end":{"line":44,"column":78}},"17":{"start":{"line":48,"column":10},"end":{"line":48,"column":37}},"18":{"start":{"line":49,"column":2},"end":{"line":49,"column":18}},"19":{"start":{"line":50,"column":2},"end":{"line":50,"column":15}},"20":{"start":{"line":52,"column":2},"end":{"line":52,"column":43}},"21":{"start":{"line":55,"column":2},"end":{"line":57,"column":null}},"22":{"start":{"line":56,"column":4},"end":{"line":56,"column":39}},"23":{"start":{"line":59,"column":2},"end":{"line":61,"column":null}},"24":{"start":{"line":60,"column":4},"end":{"line":60,"column":26}},"25":{"start":{"line":63,"column":14},"end":{"line":63,"column":15}},"26":{"start":{"line":65,"column":2},"end":{"line":71,"column":5}},"27":{"start":{"line":67,"column":4},"end":{"line":69,"column":null}},"28":{"start":{"line":68,"column":6},"end":{"line":68,"column":68}},"29":{"start":{"line":70,"column":4},"end":{"line":70,"column":59}},"30":{"start":{"line":54,"column":0},"end":{"line":54,"column":16}}},"fnMap":{"0":{"name":"fallback","decl":{"start":{"line":2,"column":9},"end":{"line":2,"column":17}},"loc":{"start":{"line":2,"column":22},"end":{"line":33,"column":1}}},"1":{"name":"createIframe","decl":{"start":{"line":5,"column":12},"end":{"line":5,"column":24}},"loc":{"start":{"line":5,"column":24},"end":{"line":32,"column":3}}},"2":{"name":"(anonymous_2)","decl":{"start":{"line":12,"column":31},"end":{"line":12,"column":null}},"loc":{"start":{"line":12,"column":31},"end":{"line":31,"column":5}}},"3":{"name":"(anonymous_3)","decl":{"start":{"line":22,"column":19},"end":{"line":22,"column":null}},"loc":{"start":{"line":22,"column":19},"end":{"line":25,"column":9}}},"4":{"name":"isFirefox","decl":{"start":{"line":35,"column":9},"end":{"line":35,"column":18}},"loc":{"start":{"line":35,"column":18},"end":{"line":38,"column":1}}},"5":{"name":"sameDomain","decl":{"start":{"line":40,"column":9},"end":{"line":40,"column":19}},"loc":{"start":{"line":40,"column":23},"end":{"line":45,"column":1}}},"6":{"name":"downloading","decl":{"start":{"line":47,"column":9},"end":{"line":47,"column":20}},"loc":{"start":{"line":47,"column":24},"end":{"line":53,"column":1}}},"7":{"name":"download","decl":{"start":{"line":54,"column":16},"end":{"line":54,"column":24}},"loc":{"start":{"line":54,"column":39},"end":{"line":72,"column":1}}},"8":{"name":"(anonymous_8)","decl":{"start":{"line":65,"column":15},"end":{"line":65,"column":25}},"loc":{"start":{"line":65,"column":28},"end":{"line":71,"column":3}}}},"branchMap":{"0":{"loc":{"start":{"line":13,"column":6},"end":{"line":30,"column":null}},"type":"if","locations":[{"start":{"line":13,"column":6},"end":{"line":30,"column":null}},{"start":{"line":13,"column":6},"end":{"line":30,"column":null}}]},"1":{"loc":{"start":{"line":15,"column":8},"end":{"line":15,"column":62}},"type":"binary-expr","locations":[{"start":{"line":15,"column":8},"end":{"line":15,"column":62}},{"start":{"line":17,"column":8},"end":{"line":17,"column":65}}]},"2":{"loc":{"start":{"line":27,"column":8},"end":{"line":29,"column":null}},"type":"if","locations":[{"start":{"line":27,"column":8},"end":{"line":29,"column":null}},{"start":{"line":27,"column":8},"end":{"line":29,"column":null}}]},"3":{"loc":{"start":{"line":44,"column":9},"end":{"line":44,"column":41}},"type":"binary-expr","locations":[{"start":{"line":44,"column":9},"end":{"line":44,"column":41}},{"start":{"line":44,"column":45},"end":{"line":44,"column":77}}]},"4":{"loc":{"start":{"line":55,"column":2},"end":{"line":57,"column":null}},"type":"if","locations":[{"start":{"line":55,"column":2},"end":{"line":57,"column":null}},{"start":{"line":55,"column":2},"end":{"line":57,"column":null}}]},"5":{"loc":{"start":{"line":59,"column":2},"end":{"line":61,"column":null}},"type":"if","locations":[{"start":{"line":59,"column":2},"end":{"line":61,"column":null}},{"start":{"line":59,"column":2},"end":{"line":61,"column":null}}]},"6":{"loc":{"start":{"line":67,"column":4},"end":{"line":69,"column":null}},"type":"if","locations":[{"start":{"line":67,"column":4},"end":{"line":69,"column":null}},{"start":{"line":67,"column":4},"end":{"line":69,"column":null}}]},"7":{"loc":{"start":{"line":67,"column":8},"end":{"line":67,"column":19}},"type":"binary-expr","locations":[{"start":{"line":67,"column":8},"end":{"line":67,"column":19}},{"start":{"line":67,"column":23},"end":{"line":67,"column":39}}]}},"s":{"0":0,"1":0,"2":0,"3":0,"4":0,"5":0,"6":0,"7":0,"8":0,"9":0,"10":0,"11":0,"12":0,"13":1,"14":0,"15":0,"16":0,"17":0,"18":0,"19":0,"20":0,"21":2,"22":0,"23":2,"24":0,"25":2,"26":2,"27":1,"28":0,"29":1,"30":1},"f":{"0":0,"1":0,"2":0,"3":0,"4":1,"5":0,"6":0,"7":2,"8":1},"b":{"0":[0,0],"1":[0,0],"2":[0,0],"3":[0,0],"4":[0,2],"5":[0,2],"6":[0,1],"7":[1,0]}}
,"/Users/duanguang/Documents/Front-End/legions/legion-guard/packages/legions-utils-tool/src/format.date/index.ts": {"path":"/Users/duanguang/Documents/Front-End/legions/legion-guard/packages/legions-utils-tool/src/format.date/index.ts","statementMap":{"0":{"start":{"line":1,"column":0},"end":{"line":1,"column":41}},"1":{"start":{"line":10,"column":2},"end":{"line":10,"column":35}},"2":{"start":{"line":11,"column":2},"end":{"line":14,"column":13}},"3":{"start":{"line":15,"column":2},"end":{"line":15,"column":59}},"4":{"start":{"line":16,"column":2},"end":{"line":16,"column":37}},"5":{"start":{"line":17,"column":12},"end":{"line":28,"column":4}},"6":{"start":{"line":29,"column":13},"end":{"line":29,"column":48}},"7":{"start":{"line":30,"column":2},"end":{"line":38,"column":null}},"8":{"start":{"line":31,"column":4},"end":{"line":37,"column":7}},"9":{"start":{"line":32,"column":16},"end":{"line":32,"column":27}},"10":{"start":{"line":33,"column":6},"end":{"line":33,"column":67}},"11":{"start":{"line":33,"column":20},"end":{"line":33,"column":67}},"12":{"start":{"line":34,"column":6},"end":{"line":35,"column":24}},"13":{"start":{"line":34,"column":19},"end":{"line":34,"column":20}},"14":{"start":{"line":34,"column":28},"end":{"line":34,"column":38}},"15":{"start":{"line":35,"column":8},"end":{"line":35,"column":24}},"16":{"start":{"line":36,"column":6},"end":{"line":36,"column":72}},"17":{"start":{"line":39,"column":2},"end":{"line":39,"column":13}},"18":{"start":{"line":9,"column":0},"end":{"line":9,"column":16}},"19":{"start":{"line":60,"column":2},"end":{"line":60,"column":28}},"20":{"start":{"line":61,"column":12},"end":{"line":61,"column":62}},"21":{"start":{"line":62,"column":2},"end":{"line":79,"column":5}},"22":{"start":{"line":71,"column":4},"end":{"line":77,"column":6}},"23":{"start":{"line":74,"column":8},"end":{"line":74,"column":32}},"24":{"start":{"line":75,"column":8},"end":{"line":75,"column":18}},"25":{"start":{"line":78,"column":4},"end":{"line":78,"column":14}},"26":{"start":{"line":80,"column":2},"end":{"line":80,"column":10}},"27":{"start":{"line":81,"column":13},"end":{"line":81,"column":63}},"28":{"start":{"line":82,"column":2},"end":{"line":82,"column":47}},"29":{"start":{"line":82,"column":19},"end":{"line":82,"column":47}},"30":{"start":{"line":83,"column":2},"end":{"line":83,"column":14}},"31":{"start":{"line":49,"column":0},"end":{"line":49,"column":16}},"32":{"start":{"line":92,"column":2},"end":{"line":92,"column":28}},"33":{"start":{"line":93,"column":2},"end":{"line":96,"column":13}},"34":{"start":{"line":97,"column":2},"end":{"line":97,"column":59}},"35":{"start":{"line":98,"column":12},"end":{"line":98,"column":22}},"36":{"start":{"line":99,"column":2},"end":{"line":99,"column":102}},"37":{"start":{"line":99,"column":90},"end":{"line":99,"column":102}},"38":{"start":{"line":100,"column":13},"end":{"line":100,"column":41}},"39":{"start":{"line":101,"column":2},"end":{"line":101,"column":76}},"40":{"start":{"line":101,"column":43},"end":{"line":101,"column":76}},"41":{"start":{"line":102,"column":2},"end":{"line":103,"column":36}},"42":{"start":{"line":103,"column":4},"end":{"line":103,"column":36}},"43":{"start":{"line":104,"column":2},"end":{"line":104,"column":14}},"44":{"start":{"line":91,"column":0},"end":{"line":91,"column":16}},"45":{"start":{"line":116,"column":2},"end":{"line":116,"column":80}},"46":{"start":{"line":117,"column":2},"end":{"line":126,"column":6}},"47":{"start":{"line":117,"column":19},"end":{"line":117,"column":39}},"48":{"start":{"line":118,"column":7},"end":{"line":126,"column":6}},"49":{"start":{"line":119,"column":4},"end":{"line":119,"column":69}},"50":{"start":{"line":120,"column":7},"end":{"line":126,"column":6}},"51":{"start":{"line":121,"column":4},"end":{"line":126,"column":6}},"52":{"start":{"line":127,"column":2},"end":{"line":127,"column":50}},"53":{"start":{"line":115,"column":0},"end":{"line":115,"column":16}},"54":{"start":{"line":135,"column":10},"end":{"line":135,"column":33}},"55":{"start":{"line":137,"column":2},"end":{"line":137,"column":27}},"56":{"start":{"line":138,"column":10},"end":{"line":138,"column":21}},"57":{"start":{"line":140,"column":2},"end":{"line":140,"column":27}},"58":{"start":{"line":141,"column":2},"end":{"line":141,"column":21}},"59":{"start":{"line":134,"column":0},"end":{"line":134,"column":16}},"60":{"start":{"line":150,"column":2},"end":{"line":150,"column":44}},"61":{"start":{"line":150,"column":26},"end":{"line":150,"column":44}},"62":{"start":{"line":151,"column":2},"end":{"line":151,"column":54}},"63":{"start":{"line":151,"column":28},"end":{"line":151,"column":54}},"64":{"start":{"line":152,"column":2},"end":{"line":152,"column":63}},"65":{"start":{"line":149,"column":0},"end":{"line":149,"column":16}},"66":{"start":{"line":163,"column":2},"end":{"line":163,"column":43}},"67":{"start":{"line":163,"column":25},"end":{"line":163,"column":43}},"68":{"start":{"line":164,"column":2},"end":{"line":171,"column":null}},"69":{"start":{"line":165,"column":4},"end":{"line":165,"column":27}},"70":{"start":{"line":166,"column":4},"end":{"line":166,"column":24}},"71":{"start":{"line":167,"column":9},"end":{"line":171,"column":null}},"72":{"start":{"line":168,"column":4},"end":{"line":168,"column":13}},"73":{"start":{"line":170,"column":4},"end":{"line":170,"column":18}},"74":{"start":{"line":172,"column":13},"end":{"line":172,"column":61}},"75":{"start":{"line":174,"column":2},"end":{"line":174,"column":50}},"76":{"start":{"line":174,"column":31},"end":{"line":174,"column":50}},"77":{"start":{"line":175,"column":2},"end":{"line":175,"column":17}},"78":{"start":{"line":161,"column":0},"end":{"line":161,"column":16}},"79":{"start":{"line":184,"column":17},"end":{"line":184,"column":29}},"80":{"start":{"line":186,"column":2},"end":{"line":189,"column":null}},"81":{"start":{"line":187,"column":4},"end":{"line":187,"column":35}},"82":{"start":{"line":188,"column":4},"end":{"line":188,"column":35}},"83":{"start":{"line":190,"column":2},"end":{"line":197,"column":null}},"84":{"start":{"line":191,"column":4},"end":{"line":191,"column":34}},"85":{"start":{"line":192,"column":4},"end":{"line":192,"column":34}},"86":{"start":{"line":193,"column":4},"end":{"line":193,"column":71}},"87":{"start":{"line":195,"column":4},"end":{"line":195,"column":29}},"88":{"start":{"line":196,"column":4},"end":{"line":196,"column":13}},"89":{"start":{"line":183,"column":0},"end":{"line":183,"column":16}},"90":{"start":{"line":208,"column":2},"end":{"line":208,"column":28}},"91":{"start":{"line":209,"column":2},"end":{"line":212,"column":13}},"92":{"start":{"line":213,"column":2},"end":{"line":213,"column":59}},"93":{"start":{"line":214,"column":14},"end":{"line":214,"column":37}},"94":{"start":{"line":215,"column":16},"end":{"line":215,"column":34}},"95":{"start":{"line":216,"column":17},"end":{"line":216,"column":36}},"96":{"start":{"line":218,"column":2},"end":{"line":218,"column":56}},"97":{"start":{"line":219,"column":15},"end":{"line":219,"column":16}},"98":{"start":{"line":221,"column":2},"end":{"line":227,"column":null}},"99":{"start":{"line":222,"column":4},"end":{"line":222,"column":64}},"100":{"start":{"line":223,"column":9},"end":{"line":227,"column":null}},"101":{"start":{"line":224,"column":4},"end":{"line":224,"column":16}},"102":{"start":{"line":226,"column":4},"end":{"line":226,"column":16}},"103":{"start":{"line":228,"column":2},"end":{"line":228,"column":44}},"104":{"start":{"line":207,"column":0},"end":{"line":207,"column":16}}},"fnMap":{"0":{"name":"formatDate","decl":{"start":{"line":9,"column":16},"end":{"line":9,"column":26}},"loc":{"start":{"line":9,"column":59},"end":{"line":40,"column":1}}},"1":{"name":"(anonymous_1)","decl":{"start":{"line":31,"column":48},"end":{"line":31,"column":58}},"loc":{"start":{"line":31,"column":59},"end":{"line":37,"column":5}}},"2":{"name":"parseDate","decl":{"start":{"line":49,"column":16},"end":{"line":49,"column":25}},"loc":{"start":{"line":58,"column":10},"end":{"line":84,"column":1}}},"3":{"name":"(anonymous_3)","decl":{"start":{"line":62,"column":63},"end":{"line":62,"column":null}},"loc":{"start":{"line":69,"column":7},"end":{"line":79,"column":3}}},"4":{"name":"(anonymous_4)","decl":{"start":{"line":73,"column":6},"end":{"line":73,"column":16}},"loc":{"start":{"line":73,"column":23},"end":{"line":76,"column":7}}},"5":{"name":"formatDateToFriendly","decl":{"start":{"line":91,"column":16},"end":{"line":91,"column":36}},"loc":{"start":{"line":91,"column":47},"end":{"line":105,"column":1}}},"6":{"name":"formatDurationToFriendly","decl":{"start":{"line":115,"column":16},"end":{"line":115,"column":40}},"loc":{"start":{"line":115,"column":55},"end":{"line":128,"column":1}}},"7":{"name":"formatTimeToFriendly","decl":{"start":{"line":134,"column":16},"end":{"line":134,"column":36}},"loc":{"start":{"line":134,"column":51},"end":{"line":142,"column":1}}},"8":{"name":"isLeapYear","decl":{"start":{"line":149,"column":16},"end":{"line":149,"column":26}},"loc":{"start":{"line":149,"column":46},"end":{"line":153,"column":1}}},"9":{"name":"getMonthDays","decl":{"start":{"line":161,"column":16},"end":{"line":161,"column":28}},"loc":{"start":{"line":161,"column":65},"end":{"line":176,"column":1}}},"10":{"name":"countDays","decl":{"start":{"line":183,"column":16},"end":{"line":183,"column":25}},"loc":{"start":{"line":183,"column":68},"end":{"line":198,"column":1}}},"11":{"name":"getLastDay","decl":{"start":{"line":207,"column":16},"end":{"line":207,"column":26}},"loc":{"start":{"line":207,"column":55},"end":{"line":229,"column":1}}}},"branchMap":{"0":{"loc":{"start":{"line":10,"column":17},"end":{"line":10,"column":27}},"type":"cond-expr","locations":[{"start":{"line":10,"column":17},"end":{"line":10,"column":27}},{"start":{"line":10,"column":30},"end":{"line":10,"column":34}}]},"1":{"loc":{"start":{"line":13,"column":8},"end":{"line":13,"column":22}},"type":"cond-expr","locations":[{"start":{"line":13,"column":8},"end":{"line":13,"column":22}},{"start":{"line":14,"column":8},"end":{"line":14,"column":12}}]},"2":{"loc":{"start":{"line":12,"column":4},"end":{"line":12,"column":28}},"type":"binary-expr","locations":[{"start":{"line":12,"column":4},"end":{"line":12,"column":28}},{"start":{"line":12,"column":32},"end":{"line":12,"column":56}}]},"3":{"loc":{"start":{"line":16,"column":8},"end":{"line":16,"column":11}},"type":"binary-expr","locations":[{"start":{"line":16,"column":8},"end":{"line":16,"column":11}},{"start":{"line":16,"column":15},"end":{"line":16,"column":36}}]},"4":{"loc":{"start":{"line":24,"column":35},"end":{"line":24,"column":37}},"type":"cond-expr","locations":[{"start":{"line":24,"column":35},"end":{"line":24,"column":37}},{"start":{"line":24,"column":40},"end":{"line":24,"column":60}}]},"5":{"loc":{"start":{"line":33,"column":6},"end":{"line":33,"column":67}},"type":"if","locations":[{"start":{"line":33,"column":6},"end":{"line":33,"column":67}},{"start":{"line":33,"column":6},"end":{"line":33,"column":67}}]},"6":{"loc":{"start":{"line":33,"column":43},"end":{"line":33,"column":47}},"type":"cond-expr","locations":[{"start":{"line":33,"column":43},"end":{"line":33,"column":47}},{"start":{"line":33,"column":50},"end":{"line":33,"column":53}}]},"7":{"loc":{"start":{"line":36,"column":29},"end":{"line":36,"column":32}},"type":"cond-expr","locations":[{"start":{"line":36,"column":29},"end":{"line":36,"column":32}},{"start":{"line":36,"column":35},"end":{"line":36,"column":71}}]},"8":{"loc":{"start":{"line":60,"column":8},"end":{"line":60,"column":11}},"type":"binary-expr","locations":[{"start":{"line":60,"column":8},"end":{"line":60,"column":11}},{"start":{"line":60,"column":15},"end":{"line":60,"column":27}}]},"9":{"loc":{"start":{"line":82,"column":2},"end":{"line":82,"column":47}},"type":"if","locations":[{"start":{"line":82,"column":2},"end":{"line":82,"column":47}},{"start":{"line":82,"column":2},"end":{"line":82,"column":47}}]},"10":{"loc":{"start":{"line":92,"column":9},"end":{"line":92,"column":13}},"type":"binary-expr","locations":[{"start":{"line":92,"column":9},"end":{"line":92,"column":13}},{"start":{"line":92,"column":17},"end":{"line":92,"column":27}}]},"11":{"loc":{"start":{"line":95,"column":8},"end":{"line":95,"column":22}},"type":"cond-expr","locations":[{"start":{"line":95,"column":8},"end":{"line":95,"column":22}},{"start":{"line":96,"column":8},"end":{"line":96,"column":12}}]},"12":{"loc":{"start":{"line":94,"column":4},"end":{"line":94,"column":28}},"type":"binary-expr","locations":[{"start":{"line":94,"column":4},"end":{"line":94,"column":28}},{"start":{"line":94,"column":32},"end":{"line":94,"column":56}}]},"13":{"loc":{"start":{"line":99,"column":2},"end":{"line":99,"column":102}},"type":"if","locations":[{"start":{"line":99,"column":2},"end":{"line":99,"column":102}},{"start":{"line":99,"column":2},"end":{"line":99,"column":102}}]},"14":{"loc":{"start":{"line":99,"column":6},"end":{"line":99,"column":49}},"type":"binary-expr","locations":[{"start":{"line":99,"column":6},"end":{"line":99,"column":49}},{"start":{"line":99,"column":53},"end":{"line":99,"column":88}}]},"15":{"loc":{"start":{"line":101,"column":2},"end":{"line":101,"column":76}},"type":"if","locations":[{"start":{"line":101,"column":2},"end":{"line":101,"column":76}},{"start":{"line":101,"column":2},"end":{"line":101,"column":76}}]},"16":{"loc":{"start":{"line":102,"column":2},"end":{"line":103,"column":36}},"type":"if","locations":[{"start":{"line":102,"column":2},"end":{"line":103,"column":36}},{"start":{"line":102,"column":2},"end":{"line":103,"column":36}}]},"17":{"loc":{"start":{"line":117,"column":2},"end":{"line":126,"column":6}},"type":"if","locations":[{"start":{"line":117,"column":2},"end":{"line":126,"column":6}},{"start":{"line":117,"column":2},"end":{"line":126,"column":6}}]},"18":{"loc":{"start":{"line":118,"column":7},"end":{"line":126,"column":6}},"type":"if","locations":[{"start":{"line":118,"column":7},"end":{"line":126,"column":6}},{"start":{"line":118,"column":7},"end":{"line":126,"column":6}}]},"19":{"loc":{"start":{"line":120,"column":7},"end":{"line":126,"column":6}},"type":"if","locations":[{"start":{"line":120,"column":7},"end":{"line":126,"column":6}},{"start":{"line":120,"column":7},"end":{"line":126,"column":6}}]},"20":{"loc":{"start":{"line":137,"column":15},"end":{"line":137,"column":22}},"type":"cond-expr","locations":[{"start":{"line":137,"column":15},"end":{"line":137,"column":22}},{"start":{"line":137,"column":25},"end":{"line":137,"column":26}}]},"21":{"loc":{"start":{"line":140,"column":15},"end":{"line":140,"column":22}},"type":"cond-expr","locations":[{"start":{"line":140,"column":15},"end":{"line":140,"column":22}},{"start":{"line":140,"column":25},"end":{"line":140,"column":26}}]},"22":{"loc":{"start":{"line":150,"column":2},"end":{"line":150,"column":44}},"type":"if","locations":[{"start":{"line":150,"column":2},"end":{"line":150,"column":44}},{"start":{"line":150,"column":2},"end":{"line":150,"column":44}}]},"23":{"loc":{"start":{"line":151,"column":2},"end":{"line":151,"column":54}},"type":"if","locations":[{"start":{"line":151,"column":2},"end":{"line":151,"column":54}},{"start":{"line":151,"column":2},"end":{"line":151,"column":54}}]},"24":{"loc":{"start":{"line":152,"column":10},"end":{"line":152,"column":23}},"type":"binary-expr","locations":[{"start":{"line":152,"column":10},"end":{"line":152,"column":23}},{"start":{"line":152,"column":27},"end":{"line":152,"column":42}},{"start":{"line":152,"column":47},"end":{"line":152,"column":62}}]},"25":{"loc":{"start":{"line":163,"column":2},"end":{"line":163,"column":43}},"type":"if","locations":[{"start":{"line":163,"column":2},"end":{"line":163,"column":43}},{"start":{"line":163,"column":2},"end":{"line":163,"column":43}}]},"26":{"loc":{"start":{"line":164,"column":2},"end":{"line":171,"column":null}},"type":"if","locations":[{"start":{"line":164,"column":2},"end":{"line":171,"column":null}},{"start":{"line":164,"column":2},"end":{"line":171,"column":null}}]},"27":{"loc":{"start":{"line":167,"column":9},"end":{"line":171,"column":null}},"type":"if","locations":[{"start":{"line":167,"column":9},"end":{"line":171,"column":null}},{"start":{"line":167,"column":9},"end":{"line":171,"column":null}}]},"28":{"loc":{"start":{"line":174,"column":2},"end":{"line":174,"column":50}},"type":"if","locations":[{"start":{"line":174,"column":2},"end":{"line":174,"column":50}},{"start":{"line":174,"column":2},"end":{"line":174,"column":50}}]},"29":{"loc":{"start":{"line":174,"column":6},"end":{"line":174,"column":12}},"type":"binary-expr","locations":[{"start":{"line":174,"column":6},"end":{"line":174,"column":12}},{"start":{"line":174,"column":16},"end":{"line":174,"column":29}}]},"30":{"loc":{"start":{"line":186,"column":2},"end":{"line":189,"column":null}},"type":"if","locations":[{"start":{"line":186,"column":2},"end":{"line":189,"column":null}},{"start":{"line":186,"column":2},"end":{"line":189,"column":null}}]},"31":{"loc":{"start":{"line":186,"column":6},"end":{"line":186,"column":27}},"type":"binary-expr","locations":[{"start":{"line":186,"column":6},"end":{"line":186,"column":27}},{"start":{"line":186,"column":31},"end":{"line":186,"column":52}}]},"32":{"loc":{"start":{"line":190,"column":2},"end":{"line":197,"column":null}},"type":"if","locations":[{"start":{"line":190,"column":2},"end":{"line":197,"column":null}},{"start":{"line":190,"column":2},"end":{"line":197,"column":null}}]},"33":{"loc":{"start":{"line":190,"column":6},"end":{"line":190,"column":31}},"type":"binary-expr","locations":[{"start":{"line":190,"column":6},"end":{"line":190,"column":31}},{"start":{"line":190,"column":35},"end":{"line":190,"column":60}}]},"34":{"loc":{"start":{"line":208,"column":9},"end":{"line":208,"column":13}},"type":"binary-expr","locations":[{"start":{"line":208,"column":9},"end":{"line":208,"column":13}},{"start":{"line":208,"column":17},"end":{"line":208,"column":27}}]},"35":{"loc":{"start":{"line":211,"column":8},"end":{"line":211,"column":22}},"type":"cond-expr","locations":[{"start":{"line":211,"column":8},"end":{"line":211,"column":22}},{"start":{"line":212,"column":8},"end":{"line":212,"column":12}}]},"36":{"loc":{"start":{"line":210,"column":4},"end":{"line":210,"column":28}},"type":"binary-expr","locations":[{"start":{"line":210,"column":4},"end":{"line":210,"column":28}},{"start":{"line":210,"column":32},"end":{"line":210,"column":56}}]},"37":{"loc":{"start":{"line":218,"column":30},"end":{"line":218,"column":38}},"type":"cond-expr","locations":[{"start":{"line":218,"column":30},"end":{"line":218,"column":38}},{"start":{"line":218,"column":41},"end":{"line":218,"column":55}}]},"38":{"loc":{"start":{"line":221,"column":2},"end":{"line":227,"column":null}},"type":"if","locations":[{"start":{"line":221,"column":2},"end":{"line":227,"column":null}},{"start":{"line":221,"column":2},"end":{"line":227,"column":null}}]},"39":{"loc":{"start":{"line":222,"column":56},"end":{"line":222,"column":58}},"type":"cond-expr","locations":[{"start":{"line":222,"column":56},"end":{"line":222,"column":58}},{"start":{"line":222,"column":61},"end":{"line":222,"column":63}}]},"40":{"loc":{"start":{"line":222,"column":13},"end":{"line":222,"column":30}},"type":"binary-expr","locations":[{"start":{"line":222,"column":13},"end":{"line":222,"column":30}},{"start":{"line":222,"column":34},"end":{"line":222,"column":53}}]},"41":{"loc":{"start":{"line":223,"column":9},"end":{"line":227,"column":null}},"type":"if","locations":[{"start":{"line":223,"column":9},"end":{"line":227,"column":null}},{"start":{"line":223,"column":9},"end":{"line":227,"column":null}}]}},"s":{"0":1,"1":13,"2":13,"3":13,"4":13,"5":13,"6":13,"7":13,"8":130,"9":62,"10":62,"11":2,"12":60,"13":60,"14":60,"15":24,"16":60,"17":13,"18":1,"19":8,"20":8,"21":8,"22":28,"23":28,"24":28,"25":28,"26":8,"27":8,"28":8,"29":1,"30":8,"31":1,"32":1,"33":1,"34":1,"35":1,"36":1,"37":0,"38":1,"39":1,"40":0,"41":1,"42":1,"43":0,"44":1,"45":5,"46":5,"47":2,"48":3,"49":1,"50":2,"51":1,"52":1,"53":1,"54":3,"55":3,"56":3,"57":3,"58":3,"59":1,"60":6,"61":1,"62":6,"63":1,"64":6,"65":1,"66":3,"67":0,"68":3,"69":2,"70":2,"71":1,"72":1,"73":1,"74":3,"75":3,"76":2,"77":1,"78":1,"79":3,"80":3,"81":1,"82":1,"83":3,"84":2,"85":2,"86":2,"87":1,"88":1,"89":1,"90":4,"91":4,"92":4,"93":4,"94":4,"95":4,"96":4,"97":4,"98":4,"99":2,"100":2,"101":1,"102":1,"103":4,"104":1},"f":{"0":13,"1":62,"2":8,"3":28,"4":28,"5":1,"6":5,"7":3,"8":6,"9":3,"10":3,"11":4},"b":{"0":[1,12],"1":[6,7],"2":[13,7],"3":[13,1],"4":[1,12],"5":[2,60],"6":[1,1],"7":[9,51],"8":[8,1],"9":[1,7],"10":[1,0],"11":[1,0],"12":[1,0],"13":[0,1],"14":[1,1],"15":[0,1],"16":[1,0],"17":[2,3],"18":[1,2],"19":[1,1],"20":[2,1],"21":[2,1],"22":[1,5],"23":[1,5],"24":[6,4,3],"25":[0,3],"26":[2,1],"27":[1,0],"28":[2,1],"29":[3,2],"30":[1,2],"31":[3,2],"32":[2,1],"33":[3,2],"34":[4,0],"35":[3,1],"36":[4,4],"37":[1,3],"38":[2,2],"39":[1,1],"40":[2,1],"41":[1,1]}}
,"/Users/duanguang/Documents/Front-End/legions/legion-guard/packages/legions-utils-tool/src/format.string/index.ts": {"path":"/Users/duanguang/Documents/Front-End/legions/legion-guard/packages/legions-utils-tool/src/format.string/index.ts","statementMap":{"0":{"start":{"line":1,"column":0},"end":{"line":1,"column":59}},"1":{"start":{"line":3,"column":16},"end":{"line":33,"column":2}},"2":{"start":{"line":42,"column":2},"end":{"line":44,"column":null}},"3":{"start":{"line":43,"column":4},"end":{"line":43,"column":45}},"4":{"start":{"line":45,"column":2},"end":{"line":45,"column":13}},"5":{"start":{"line":41,"column":0},"end":{"line":41,"column":16}},"6":{"start":{"line":56,"column":2},"end":{"line":58,"column":null}},"7":{"start":{"line":57,"column":4},"end":{"line":57,"column":13}},"8":{"start":{"line":59,"column":12},"end":{"line":64,"column":4}},"9":{"start":{"line":61,"column":4},"end":{"line":63,"column":7}},"10":{"start":{"line":62,"column":6},"end":{"line":62,"column":22}},"11":{"start":{"line":65,"column":2},"end":{"line":65,"column":13}},"12":{"start":{"line":54,"column":0},"end":{"line":54,"column":16}},"13":{"start":{"line":77,"column":18},"end":{"line":77,"column":40}},"14":{"start":{"line":78,"column":2},"end":{"line":86,"column":8}},"15":{"start":{"line":76,"column":0},"end":{"line":76,"column":16}},"16":{"start":{"line":96,"column":2},"end":{"line":96,"column":26}},"17":{"start":{"line":95,"column":0},"end":{"line":95,"column":16}},"18":{"start":{"line":98,"column":18},"end":{"line":98,"column":21}},"19":{"start":{"line":100,"column":2},"end":{"line":100,"column":34}},"20":{"start":{"line":100,"column":24},"end":{"line":100,"column":34}},"21":{"start":{"line":102,"column":19},"end":{"line":102,"column":29}},"22":{"start":{"line":103,"column":2},"end":{"line":103,"column":28}},"23":{"start":{"line":105,"column":19},"end":{"line":105,"column":38}},"24":{"start":{"line":106,"column":2},"end":{"line":106,"column":50}},"25":{"start":{"line":106,"column":40},"end":{"line":106,"column":50}},"26":{"start":{"line":108,"column":15},"end":{"line":108,"column":26}},"27":{"start":{"line":109,"column":19},"end":{"line":109,"column":21}},"28":{"start":{"line":110,"column":18},"end":{"line":110,"column":23}},"29":{"start":{"line":111,"column":12},"end":{"line":111,"column":14}},"30":{"start":{"line":113,"column":2},"end":{"line":113,"column":42}},"31":{"start":{"line":113,"column":18},"end":{"line":113,"column":42}},"32":{"start":{"line":115,"column":2},"end":{"line":123,"column":null}},"33":{"start":{"line":116,"column":16},"end":{"line":116,"column":51}},"34":{"start":{"line":117,"column":4},"end":{"line":122,"column":null}},"35":{"start":{"line":118,"column":6},"end":{"line":118,"column":17}},"36":{"start":{"line":120,"column":6},"end":{"line":120,"column":28}},"37":{"start":{"line":121,"column":6},"end":{"line":121,"column":25}},"38":{"start":{"line":125,"column":2},"end":{"line":184,"column":null}},"39":{"start":{"line":126,"column":22},"end":{"line":126,"column":65}},"40":{"start":{"line":129,"column":4},"end":{"line":134,"column":null}},"41":{"start":{"line":130,"column":6},"end":{"line":133,"column":8}},"42":{"start":{"line":139,"column":4},"end":{"line":143,"column":6}},"43":{"start":{"line":145,"column":15},"end":{"line":145,"column":47}},"44":{"start":{"line":146,"column":16},"end":{"line":146,"column":23}},"45":{"start":{"line":147,"column":19},"end":{"line":147,"column":32}},"46":{"start":{"line":150,"column":12},"end":{"line":150,"column":13}},"47":{"start":{"line":151,"column":15},"end":{"line":151,"column":29}},"48":{"start":{"line":152,"column":14},"end":{"line":152,"column":27}},"49":{"start":{"line":154,"column":4},"end":{"line":162,"column":null}},"50":{"start":{"line":155,"column":6},"end":{"line":155,"column":34}},"51":{"start":{"line":156,"column":6},"end":{"line":161,"column":null}},"52":{"start":{"line":157,"column":8},"end":{"line":159,"column":null}},"53":{"start":{"line":158,"column":10},"end":{"line":158,"column":35}},"54":{"start":{"line":160,"column":8},"end":{"line":160,"column":40}},"55":{"start":{"line":164,"column":4},"end":{"line":169,"column":null}},"56":{"start":{"line":165,"column":6},"end":{"line":167,"column":null}},"57":{"start":{"line":166,"column":8},"end":{"line":166,"column":33}},"58":{"start":{"line":168,"column":6},"end":{"line":168,"column":38}},"59":{"start":{"line":172,"column":4},"end":{"line":174,"column":null}},"60":{"start":{"line":173,"column":6},"end":{"line":173,"column":22}},"61":{"start":{"line":176,"column":4},"end":{"line":177,"column":68}},"62":{"start":{"line":177,"column":6},"end":{"line":177,"column":68}},"63":{"start":{"line":179,"column":4},"end":{"line":183,"column":null}},"64":{"start":{"line":180,"column":6},"end":{"line":180,"column":50}},"65":{"start":{"line":181,"column":6},"end":{"line":181,"column":40}},"66":{"start":{"line":182,"column":6},"end":{"line":182,"column":67}},"67":{"start":{"line":186,"column":2},"end":{"line":188,"column":null}},"68":{"start":{"line":187,"column":4},"end":{"line":187,"column":23}},"69":{"start":{"line":190,"column":2},"end":{"line":195,"column":4}},"70":{"start":{"line":196,"column":2},"end":{"line":196,"column":24}},"71":{"start":{"line":206,"column":15},"end":{"line":206,"column":20}},"72":{"start":{"line":207,"column":2},"end":{"line":219,"column":null}},"73":{"start":{"line":208,"column":4},"end":{"line":218,"column":null}},"74":{"start":{"line":209,"column":16},"end":{"line":209,"column":31}},"75":{"start":{"line":210,"column":6},"end":{"line":214,"column":null}},"76":{"start":{"line":211,"column":8},"end":{"line":211,"column":22}},"77":{"start":{"line":213,"column":8},"end":{"line":213,"column":23}},"78":{"start":{"line":216,"column":6},"end":{"line":216,"column":46}},"79":{"start":{"line":217,"column":6},"end":{"line":217,"column":21}},"80":{"start":{"line":220,"column":2},"end":{"line":220,"column":16}},"81":{"start":{"line":205,"column":0},"end":{"line":205,"column":16}},"82":{"start":{"line":231,"column":12},"end":{"line":231,"column":13}},"83":{"start":{"line":232,"column":2},"end":{"line":232,"column":18}},"84":{"start":{"line":233,"column":2},"end":{"line":244,"column":null}},"85":{"start":{"line":234,"column":4},"end":{"line":234,"column":25}},"86":{"start":{"line":235,"column":4},"end":{"line":243,"column":null}},"87":{"start":{"line":236,"column":6},"end":{"line":242,"column":null}},"88":{"start":{"line":236,"column":19},"end":{"line":236,"column":20}},"89":{"start":{"line":237,"column":8},"end":{"line":241,"column":null}},"90":{"start":{"line":238,"column":10},"end":{"line":238,"column":19}},"91":{"start":{"line":240,"column":10},"end":{"line":240,"column":16}},"92":{"start":{"line":245,"column":2},"end":{"line":245,"column":13}},"93":{"start":{"line":230,"column":0},"end":{"line":230,"column":16}}},"fnMap":{"0":{"name":"formatTrim","decl":{"start":{"line":41,"column":16},"end":{"line":41,"column":26}},"loc":{"start":{"line":41,"column":38},"end":{"line":46,"column":1}}},"1":{"name":"formatLocaleString","decl":{"start":{"line":54,"column":16},"end":{"line":54,"column":34}},"loc":{"start":{"line":54,"column":55},"end":{"line":66,"column":1}}},"2":{"name":"(anonymous_2)","decl":{"start":{"line":59,"column":42},"end":{"line":59,"column":52}},"loc":{"start":{"line":59,"column":53},"end":{"line":64,"column":3}}},"3":{"name":"(anonymous_3)","decl":{"start":{"line":61,"column":43},"end":{"line":61,"column":53}},"loc":{"start":{"line":61,"column":55},"end":{"line":63,"column":5}}},"4":{"name":"number","decl":{"start":{"line":76,"column":16},"end":{"line":76,"column":22}},"loc":{"start":{"line":76,"column":51},"end":{"line":87,"column":1}}},"5":{"name":"amount","decl":{"start":{"line":95,"column":16},"end":{"line":95,"column":22}},"loc":{"start":{"line":95,"column":45},"end":{"line":97,"column":1}}},"6":{"name":"formatNumber","decl":{"start":{"line":99,"column":9},"end":{"line":99,"column":21}},"loc":{"start":{"line":99,"column":73},"end":{"line":197,"column":1}}},"7":{"name":"isJSON","decl":{"start":{"line":205,"column":16},"end":{"line":205,"column":22}},"loc":{"start":{"line":205,"column":34},"end":{"line":221,"column":1}}},"8":{"name":"getStringLen","decl":{"start":{"line":230,"column":16},"end":{"line":230,"column":28}},"loc":{"start":{"line":230,"column":40},"end":{"line":246,"column":1}}}},"branchMap":{"0":{"loc":{"start":{"line":42,"column":2},"end":{"line":44,"column":null}},"type":"if","locations":[{"start":{"line":42,"column":2},"end":{"line":44,"column":null}},{"start":{"line":42,"column":2},"end":{"line":44,"column":null}}]},"1":{"loc":{"start":{"line":56,"column":2},"end":{"line":58,"column":null}},"type":"if","locations":[{"start":{"line":56,"column":2},"end":{"line":58,"column":null}},{"start":{"line":56,"column":2},"end":{"line":58,"column":null}}]},"2":{"loc":{"start":{"line":79,"column":6},"end":{"line":79,"column":12}},"type":"cond-expr","locations":[{"start":{"line":79,"column":6},"end":{"line":79,"column":12}},{"start":{"line":80,"column":6},"end":{"line":85,"column":null}}]},"3":{"loc":{"start":{"line":100,"column":2},"end":{"line":100,"column":34}},"type":"if","locations":[{"start":{"line":100,"column":2},"end":{"line":100,"column":34}},{"start":{"line":100,"column":2},"end":{"line":100,"column":34}}]},"4":{"loc":{"start":{"line":106,"column":2},"end":{"line":106,"column":50}},"type":"if","locations":[{"start":{"line":106,"column":2},"end":{"line":106,"column":50}},{"start":{"line":106,"column":2},"end":{"line":106,"column":50}}]},"5":{"loc":{"start":{"line":106,"column":6},"end":{"line":106,"column":17}},"type":"binary-expr","locations":[{"start":{"line":106,"column":6},"end":{"line":106,"column":17}},{"start":{"line":106,"column":21},"end":{"line":106,"column":38}}]},"6":{"loc":{"start":{"line":113,"column":2},"end":{"line":113,"column":42}},"type":"if","locations":[{"start":{"line":113,"column":2},"end":{"line":113,"column":42}},{"start":{"line":113,"column":2},"end":{"line":113,"column":42}}]},"7":{"loc":{"start":{"line":115,"column":2},"end":{"line":123,"column":null}},"type":"if","locations":[{"start":{"line":115,"column":2},"end":{"line":123,"column":null}},{"start":{"line":115,"column":2},"end":{"line":123,"column":null}}]},"8":{"loc":{"start":{"line":115,"column":6},"end":{"line":115,"column":17}},"type":"binary-expr","locations":[{"start":{"line":115,"column":6},"end":{"line":115,"column":17}},{"start":{"line":115,"column":21},"end":{"line":115,"column":47}}]},"9":{"loc":{"start":{"line":117,"column":4},"end":{"line":122,"column":null}},"type":"if","locations":[{"start":{"line":117,"column":4},"end":{"line":122,"column":null}},{"start":{"line":117,"column":4},"end":{"line":122,"column":null}}]},"10":{"loc":{"start":{"line":117,"column":8},"end":{"line":117,"column":13}},"type":"binary-expr","locations":[{"start":{"line":117,"column":8},"end":{"line":117,"column":13}},{"start":{"line":117,"column":17},"end":{"line":117,"column":32}},{"start":{"line":117,"column":36},"end":{"line":117,"column":63}}]},"11":{"loc":{"start":{"line":125,"column":2},"end":{"line":184,"column":null}},"type":"if","locations":[{"start":{"line":125,"column":2},"end":{"line":184,"column":null}},{"start":{"line":125,"column":2},"end":{"line":184,"column":null}}]},"12":{"loc":{"start":{"line":125,"column":6},"end":{"line":125,"column":17}},"type":"binary-expr","locations":[{"start":{"line":125,"column":6},"end":{"line":125,"column":17}},{"start":{"line":125,"column":21},"end":{"line":125,"column":33}}]},"13":{"loc":{"start":{"line":126,"column":23},"end":{"line":126,"column":51}},"type":"binary-expr","locations":[{"start":{"line":126,"column":23},"end":{"line":126,"column":51}},{"start":{"line":126,"column":55},"end":{"line":126,"column":57}}]},"14":{"loc":{"start":{"line":129,"column":4},"end":{"line":134,"column":null}},"type":"if","locations":[{"start":{"line":129,"column":4},"end":{"line":134,"column":null}},{"start":{"line":129,"column":4},"end":{"line":134,"column":null}}]},"15":{"loc":{"start":{"line":147,"column":19},"end":{"line":147,"column":26}},"type":"binary-expr","locations":[{"start":{"line":147,"column":19},"end":{"line":147,"column":26}},{"start":{"line":147,"column":30},"end":{"line":147,"column":32}}]},"16":{"loc":{"start":{"line":154,"column":4},"end":{"line":162,"column":null}},"type":"if","locations":[{"start":{"line":154,"column":4},"end":{"line":162,"column":null}},{"start":{"line":154,"column":4},"end":{"line":162,"column":null}}]},"17":{"loc":{"start":{"line":157,"column":8},"end":{"line":159,"column":null}},"type":"if","locations":[{"start":{"line":157,"column":8},"end":{"line":159,"column":null}},{"start":{"line":157,"column":8},"end":{"line":159,"column":null}}]},"18":{"loc":{"start":{"line":157,"column":12},"end":{"line":157,"column":35}},"type":"binary-expr","locations":[{"start":{"line":157,"column":12},"end":{"line":157,"column":35}},{"start":{"line":157,"column":39},"end":{"line":157,"column":46}}]},"19":{"loc":{"start":{"line":165,"column":6},"end":{"line":167,"column":null}},"type":"if","locations":[{"start":{"line":165,"column":6},"end":{"line":167,"column":null}},{"start":{"line":165,"column":6},"end":{"line":167,"column":null}}]},"20":{"loc":{"start":{"line":165,"column":10},"end":{"line":165,"column":43}},"type":"binary-expr","locations":[{"start":{"line":165,"column":10},"end":{"line":165,"column":43}},{"start":{"line":165,"column":47},"end":{"line":165,"column":54}}]},"21":{"loc":{"start":{"line":176,"column":4},"end":{"line":177,"column":68}},"type":"if","locations":[{"start":{"line":176,"column":4},"end":{"line":177,"column":68}},{"start":{"line":176,"column":4},"end":{"line":177,"column":68}}]},"22":{"loc":{"start":{"line":176,"column":8},"end":{"line":176,"column":20}},"type":"binary-expr","locations":[{"start":{"line":176,"column":8},"end":{"line":176,"column":20}},{"start":{"line":176,"column":24},"end":{"line":176,"column":44}}]},"23":{"loc":{"start":{"line":179,"column":4},"end":{"line":183,"column":null}},"type":"if","locations":[{"start":{"line":179,"column":4},"end":{"line":183,"column":null}},{"start":{"line":179,"column":4},"end":{"line":183,"column":null}}]},"24":{"loc":{"start":{"line":179,"column":8},"end":{"line":179,"column":24}},"type":"binary-expr","locations":[{"start":{"line":179,"column":8},"end":{"line":179,"column":24}},{"start":{"line":179,"column":28},"end":{"line":179,"column":38}}]},"25":{"loc":{"start":{"line":186,"column":2},"end":{"line":188,"column":null}},"type":"if","locations":[{"start":{"line":186,"column":2},"end":{"line":188,"column":null}},{"start":{"line":186,"column":2},"end":{"line":188,"column":null}}]},"26":{"loc":{"start":{"line":192,"column":17},"end":{"line":192,"column":31}},"type":"cond-expr","locations":[{"start":{"line":192,"column":17},"end":{"line":192,"column":31}},{"start":{"line":192,"column":34},"end":{"line":192,"column":48}}]},"27":{"loc":{"start":{"line":194,"column":17},"end":{"line":194,"column":31}},"type":"cond-expr","locations":[{"start":{"line":194,"column":17},"end":{"line":194,"column":31}},{"start":{"line":194,"column":34},"end":{"line":194,"column":48}}]},"28":{"loc":{"start":{"line":207,"column":2},"end":{"line":219,"column":null}},"type":"if","locations":[{"start":{"line":207,"column":2},"end":{"line":219,"column":null}},{"start":{"line":207,"column":2},"end":{"line":219,"column":null}}]},"29":{"loc":{"start":{"line":210,"column":6},"end":{"line":214,"column":null}},"type":"if","locations":[{"start":{"line":210,"column":6},"end":{"line":214,"column":null}},{"start":{"line":210,"column":6},"end":{"line":214,"column":null}}]},"30":{"loc":{"start":{"line":210,"column":10},"end":{"line":210,"column":32}},"type":"binary-expr","locations":[{"start":{"line":210,"column":10},"end":{"line":210,"column":32}},{"start":{"line":210,"column":36},"end":{"line":210,"column":39}}]},"31":{"loc":{"start":{"line":232,"column":8},"end":{"line":232,"column":11}},"type":"binary-expr","locations":[{"start":{"line":232,"column":8},"end":{"line":232,"column":11}},{"start":{"line":232,"column":15},"end":{"line":232,"column":17}}]},"32":{"loc":{"start":{"line":233,"column":2},"end":{"line":244,"column":null}},"type":"if","locations":[{"start":{"line":233,"column":2},"end":{"line":244,"column":null}},{"start":{"line":233,"column":2},"end":{"line":244,"column":null}}]},"33":{"loc":{"start":{"line":233,"column":6},"end":{"line":233,"column":9}},"type":"binary-expr","locations":[{"start":{"line":233,"column":6},"end":{"line":233,"column":9}},{"start":{"line":233,"column":13},"end":{"line":233,"column":36}}]},"34":{"loc":{"start":{"line":235,"column":4},"end":{"line":243,"column":null}},"type":"if","locations":[{"start":{"line":235,"column":4},"end":{"line":243,"column":null}},{"start":{"line":235,"column":4},"end":{"line":243,"column":null}}]},"35":{"loc":{"start":{"line":237,"column":8},"end":{"line":241,"column":null}},"type":"if","locations":[{"start":{"line":237,"column":8},"end":{"line":241,"column":null}},{"start":{"line":237,"column":8},"end":{"line":241,"column":null}}]},"36":{"loc":{"start":{"line":237,"column":12},"end":{"line":237,"column":35}},"type":"binary-expr","locations":[{"start":{"line":237,"column":12},"end":{"line":237,"column":35}},{"start":{"line":237,"column":39},"end":{"line":237,"column":62}}]}},"s":{"0":1,"1":1,"2":2,"3":1,"4":1,"5":1,"6":3,"7":1,"8":2,"9":2,"10":1,"11":2,"12":1,"13":23,"14":23,"15":1,"16":1,"17":1,"18":1,"19":22,"20":1,"21":21,"22":21,"23":21,"24":21,"25":3,"26":18,"27":18,"28":18,"29":18,"30":18,"31":3,"32":18,"33":3,"34":3,"35":1,"36":2,"37":2,"38":18,"39":13,"40":13,"41":1,"42":13,"43":13,"44":13,"45":13,"46":13,"47":13,"48":13,"49":13,"50":3,"51":3,"52":12,"53":3,"54":12,"55":13,"56":29,"57":5,"58":29,"59":13,"60":5,"61":13,"62":8,"63":5,"64":1,"65":1,"66":1,"67":18,"68":3,"69":18,"70":18,"71":6,"72":6,"73":4,"74":4,"75":3,"76":2,"77":1,"78":1,"79":1,"80":6,"81":1,"82":10,"83":10,"84":10,"85":9,"86":9,"87":9,"88":9,"89":23,"90":7,"91":16,"92":10,"93":1},"f":{"0":2,"1":3,"2":2,"3":1,"4":23,"5":1,"6":22,"7":6,"8":10},"b":{"0":[1,1],"1":[1,2],"2":[1,22],"3":[1,21],"4":[3,18],"5":[21,18],"6":[3,15],"7":[3,15],"8":[18,15],"9":[1,2],"10":[3,3,3],"11":[13,5],"12":[18,15],"13":[13,6],"14":[1,12],"15":[13,8],"16":[3,10],"17":[3,9],"18":[12,3],"19":[5,24],"20":[29,6],"21":[8,5],"22":[13,8],"23":[1,4],"24":[5,3],"25":[3,15],"26":[5,13],"27":[5,13],"28":[4,2],"29":[2,1],"30":[3,3],"31":[10,1],"32":[9,1],"33":[10,9],"34":[9,0],"35":[7,16],"36":[23,16]}}
,"/Users/duanguang/Documents/Front-End/legions/legion-guard/packages/legions-utils-tool/src/invariant/index.js": {"path":"/Users/duanguang/Documents/Front-End/legions/legion-guard/packages/legions-utils-tool/src/invariant/index.js","statementMap":{"0":{"start":{"line":21,"column":23},"end":{"line":49,"column":1}},"1":{"start":{"line":22,"column":2},"end":{"line":26,"column":null}},"2":{"start":{"line":23,"column":4},"end":{"line":25,"column":null}},"3":{"start":{"line":24,"column":6},"end":{"line":24,"column":70}},"4":{"start":{"line":28,"column":2},"end":{"line":48,"column":null}},"5":{"start":{"line":30,"column":4},"end":{"line":44,"column":null}},"6":{"start":{"line":31,"column":6},"end":{"line":34,"column":8}},"7":{"start":{"line":36,"column":17},"end":{"line":36,"column":35}},"8":{"start":{"line":37,"column":21},"end":{"line":37,"column":22}},"9":{"start":{"line":38,"column":6},"end":{"line":42,"column":8}},"10":{"start":{"line":40,"column":10},"end":{"line":40,"column":34}},"11":{"start":{"line":43,"column":6},"end":{"line":43,"column":41}},"12":{"start":{"line":46,"column":4},"end":{"line":46,"column":26}},"13":{"start":{"line":47,"column":4},"end":{"line":47,"column":16}},"14":{"start":{"line":21,"column":11},"end":{"line":21,"column":23}}},"fnMap":{"0":{"name":"(anonymous_0)","decl":{"start":{"line":21,"column":23},"end":{"line":21,"column":33}},"loc":{"start":{"line":21,"column":68},"end":{"line":49,"column":1}}},"1":{"name":"(anonymous_1)","decl":{"start":{"line":39,"column":30},"end":{"line":39,"column":null}},"loc":{"start":{"line":39,"column":30},"end":{"line":41,"column":9}}}},"branchMap":{"0":{"loc":{"start":{"line":22,"column":2},"end":{"line":26,"column":null}},"type":"if","locations":[{"start":{"line":22,"column":2},"end":{"line":26,"column":null}},{"start":{"line":22,"column":2},"end":{"line":26,"column":null}}]},"1":{"loc":{"start":{"line":23,"column":4},"end":{"line":25,"column":null}},"type":"if","locations":[{"start":{"line":23,"column":4},"end":{"line":25,"column":null}},{"start":{"line":23,"column":4},"end":{"line":25,"column":null}}]},"2":{"loc":{"start":{"line":28,"column":2},"end":{"line":48,"column":null}},"type":"if","locations":[{"start":{"line":28,"column":2},"end":{"line":48,"column":null}},{"start":{"line":28,"column":2},"end":{"line":48,"column":null}}]},"3":{"loc":{"start":{"line":30,"column":4},"end":{"line":44,"column":null}},"type":"if","locations":[{"start":{"line":30,"column":4},"end":{"line":44,"column":null}},{"start":{"line":30,"column":4},"end":{"line":44,"column":null}}]}},"s":{"0":1,"1":23,"2":23,"3":0,"4":23,"5":0,"6":0,"7":0,"8":0,"9":0,"10":0,"11":0,"12":0,"13":0,"14":1},"f":{"0":23,"1":0},"b":{"0":[23,0],"1":[0,23],"2":[0,23],"3":[0,0]}}
,"/Users/duanguang/Documents/Front-End/legions/legion-guard/packages/legions-utils-tool/src/object.utils/index.ts": {"path":"/Users/duanguang/Documents/Front-End/legions/legion-guard/packages/legions-utils-tool/src/object.utils/index.ts","statementMap":{"0":{"start":{"line":1,"column":0},"end":{"line":1,"column":43}},"1":{"start":{"line":11,"column":10},"end":{"line":11,"column":24}},"2":{"start":{"line":12,"column":25},"end":{"line":12,"column":69}},"3":{"start":{"line":12,"column":44},"end":{"line":12,"column":69}},"4":{"start":{"line":13,"column":23},"end":{"line":14,"column":null}},"5":{"start":{"line":14,"column":12},"end":{"line":14,"column":null}},"6":{"start":{"line":16,"column":2},"end":{"line":24,"column":null}},"7":{"start":{"line":18,"column":4},"end":{"line":23,"column":6}},"8":{"start":{"line":19,"column":6},"end":{"line":22,"column":null}},"9":{"start":{"line":25,"column":2},"end":{"line":39,"column":null}},"10":{"start":{"line":26,"column":4},"end":{"line":28,"column":7}},"11":{"start":{"line":27,"column":6},"end":{"line":27,"column":25}},"12":{"start":{"line":29,"column":4},"end":{"line":38,"column":6}},"13":{"start":{"line":30,"column":6},"end":{"line":37,"column":null}},"14":{"start":{"line":41,"column":2},"end":{"line":41,"column":14}},"15":{"start":{"line":10,"column":0},"end":{"line":10,"column":16}},"16":{"start":{"line":46,"column":2},"end":{"line":49,"column":5}},"17":{"start":{"line":45,"column":0},"end":{"line":45,"column":16}},"18":{"start":{"line":62,"column":18},"end":{"line":62,"column":22}},"19":{"start":{"line":64,"column":2},"end":{"line":64,"column":14}},"20":{"start":{"line":65,"column":2},"end":{"line":69,"column":5}},"21":{"start":{"line":66,"column":4},"end":{"line":68,"column":null}},"22":{"start":{"line":67,"column":6},"end":{"line":67,"column":32}},"23":{"start":{"line":70,"column":2},"end":{"line":70,"column":16}},"24":{"start":{"line":60,"column":0},"end":{"line":60,"column":16}},"25":{"start":{"line":74,"column":19},"end":{"line":74,"column":56}},"26":{"start":{"line":74,"column":47},"end":{"line":76,"column":55}},"27":{"start":{"line":76,"column":2},"end":{"line":76,"column":55}},"28":{"start":{"line":76,"column":22},"end":{"line":76,"column":52}},"29":{"start":{"line":74,"column":13},"end":{"line":74,"column":19}},"30":{"start":{"line":79,"column":2},"end":{"line":83,"column":5}},"31":{"start":{"line":80,"column":4},"end":{"line":82,"column":7}},"32":{"start":{"line":81,"column":17},"end":{"line":81,"column":null}},"33":{"start":{"line":78,"column":0},"end":{"line":78,"column":16}},"34":{"start":{"line":87,"column":2},"end":{"line":94,"column":5}},"35":{"start":{"line":88,"column":4},"end":{"line":93,"column":null}},"36":{"start":{"line":89,"column":6},"end":{"line":89,"column":20}},"37":{"start":{"line":91,"column":6},"end":{"line":91,"column":null}},"38":{"start":{"line":92,"column":6},"end":{"line":92,"column":18}},"39":{"start":{"line":86,"column":0},"end":{"line":86,"column":16}}},"fnMap":{"0":{"name":"sort","decl":{"start":{"line":10,"column":16},"end":{"line":10,"column":20}},"loc":{"start":{"line":10,"column":52},"end":{"line":42,"column":1}}},"1":{"name":"(anonymous_1)","decl":{"start":{"line":12,"column":36},"end":{"line":12,"column":40}},"loc":{"start":{"line":12,"column":40},"end":{"line":12,"column":51}}},"2":{"name":"(anonymous_2)","decl":{"start":{"line":14,"column":4},"end":{"line":14,"column":8}},"loc":{"start":{"line":14,"column":8},"end":{"line":14,"column":19}}},"3":{"name":"(anonymous_3)","decl":{"start":{"line":18,"column":14},"end":{"line":18,"column":15}},"loc":{"start":{"line":18,"column":19},"end":{"line":19,"column":15}}},"4":{"name":"(anonymous_4)","decl":{"start":{"line":26,"column":22},"end":{"line":26,"column":26}},"loc":{"start":{"line":26,"column":26},"end":{"line":28,"column":5}}},"5":{"name":"(anonymous_5)","decl":{"start":{"line":29,"column":14},"end":{"line":29,"column":15}},"loc":{"start":{"line":29,"column":19},"end":{"line":30,"column":15}}},"6":{"name":"compare","decl":{"start":{"line":45,"column":16},"end":{"line":45,"column":23}},"loc":{"start":{"line":45,"column":44},"end":{"line":50,"column":1}}},"7":{"name":"excludeObj","decl":{"start":{"line":60,"column":16},"end":{"line":60,"column":26}},"loc":{"start":{"line":60,"column":66},"end":{"line":71,"column":1}}},"8":{"name":"(anonymous_8)","decl":{"start":{"line":65,"column":30},"end":{"line":65,"column":33}},"loc":{"start":{"line":65,"column":33},"end":{"line":69,"column":3}}},"9":{"name":"(anonymous_9)","decl":{"start":{"line":74,"column":19},"end":{"line":74,"column":20}},"loc":{"start":{"line":74,"column":42},"end":{"line":74,"column":56}}},"10":{"name":"(anonymous_10)","decl":{"start":{"line":74,"column":47},"end":{"line":74,"column":56}},"loc":{"start":{"line":74,"column":65},"end":{"line":76,"column":3}}},"11":{"name":"(anonymous_11)","decl":{"start":{"line":76,"column":11},"end":{"line":76,"column":12}},"loc":{"start":{"line":76,"column":17},"end":{"line":76,"column":23}}},"12":{"name":"proxyGetters","decl":{"start":{"line":78,"column":16},"end":{"line":78,"column":28}},"loc":{"start":{"line":78,"column":46},"end":{"line":84,"column":1}}},"13":{"name":"(anonymous_13)","decl":{"start":{"line":79,"column":11},"end":{"line":79,"column":14}},"loc":{"start":{"line":79,"column":14},"end":{"line":83,"column":3}}},"14":{"name":"(anonymous_14)","decl":{"start":{"line":81,"column":11},"end":{"line":81,"column":17}},"loc":{"start":{"line":81,"column":11},"end":{"line":81,"column":20}}},"15":{"name":"promiseTry","decl":{"start":{"line":86,"column":16},"end":{"line":86,"column":26}},"loc":{"start":{"line":86,"column":39},"end":{"line":95,"column":1}}},"16":{"name":"(anonymous_16)","decl":{"start":{"line":87,"column":21},"end":{"line":87,"column":22}},"loc":{"start":{"line":87,"column":37},"end":{"line":94,"column":3}}}},"branchMap":{"0":{"loc":{"start":{"line":14,"column":12},"end":{"line":14,"column":36}},"type":"binary-expr","locations":[{"start":{"line":14,"column":12},"end":{"line":14,"column":36}},{"start":{"line":14,"column":40},"end":{"line":14,"column":60}}]},"1":{"loc":{"start":{"line":16,"column":2},"end":{"line":24,"column":null}},"type":"if","locations":[{"start":{"line":16,"column":2},"end":{"line":24,"column":null}},{"start":{"line":16,"column":2},"end":{"line":24,"column":null}}]},"2":{"loc":{"start":{"line":25,"column":2},"end":{"line":39,"column":null}},"type":"if","locations":[{"start":{"line":25,"column":2},"end":{"line":39,"column":null}},{"start":{"line":25,"column":2},"end":{"line":39,"column":null}}]},"3":{"loc":{"start":{"line":66,"column":4},"end":{"line":68,"column":null}},"type":"if","locations":[{"start":{"line":66,"column":4},"end":{"line":68,"column":null}},{"start":{"line":66,"column":4},"end":{"line":68,"column":null}}]},"4":{"loc":{"start":{"line":66,"column":10},"end":{"line":66,"column":22}},"type":"binary-expr","locations":[{"start":{"line":66,"column":10},"end":{"line":66,"column":22}},{"start":{"line":66,"column":26},"end":{"line":66,"column":54}}]},"5":{"loc":{"start":{"line":76,"column":37},"end":{"line":76,"column":42}},"type":"cond-expr","locations":[{"start":{"line":76,"column":37},"end":{"line":76,"column":42}},{"start":{"line":76,"column":45},"end":{"line":76,"column":49}}]},"6":{"loc":{"start":{"line":76,"column":23},"end":{"line":76,"column":25}},"type":"binary-expr","locations":[{"start":{"line":76,"column":23},"end":{"line":76,"column":25}},{"start":{"line":76,"column":29},"end":{"line":76,"column":34}}]}},"s":{"0":1,"1":2,"2":2,"3":4,"4":2,"5":4,"6":2,"7":1,"8":2,"9":2,"10":1,"11":3,"12":1,"13":3,"14":2,"15":1,"16":3,"17":1,"18":1,"19":1,"20":1,"21":4,"22":2,"23":1,"24":1,"25":1,"26":2,"27":2,"28":3,"29":1,"30":1,"31":1,"32":1,"33":1,"34":3,"35":3,"36":3,"37":1,"38":1,"39":1},"f":{"0":2,"1":4,"2":4,"3":2,"4":3,"5":3,"6":3,"7":1,"8":4,"9":2,"10":2,"11":3,"12":1,"13":1,"14":1,"15":3,"16":3},"b":{"0":[4,3],"1":[1,1],"2":[1,1],"3":[2,2],"4":[4,2],"5":[2,1],"6":[3,3]}}
,"/Users/duanguang/Documents/Front-End/legions/legion-guard/packages/legions-utils-tool/src/regex/index.ts": {"path":"/Users/duanguang/Documents/Front-End/legions/legion-guard/packages/legions-utils-tool/src/regex/index.ts","statementMap":{"0":{"start":{"line":27,"column":15},"end":{"line":27,"column":20}},"1":{"start":{"line":29,"column":2},"end":{"line":115,"column":null}},"2":{"start":{"line":36,"column":6},"end":{"line":36,"column":33}},"3":{"start":{"line":37,"column":6},"end":{"line":37,"column":32}},"4":{"start":{"line":40,"column":6},"end":{"line":40,"column":35}},"5":{"start":{"line":41,"column":6},"end":{"line":41,"column":32}},"6":{"start":{"line":44,"column":6},"end":{"line":44,"column":24}},"7":{"start":{"line":45,"column":6},"end":{"line":45,"column":32}},"8":{"start":{"line":48,"column":6},"end":{"line":48,"column":28}},"9":{"start":{"line":49,"column":6},"end":{"line":49,"column":32}},"10":{"start":{"line":52,"column":6},"end":{"line":52,"column":27}},"11":{"start":{"line":54,"column":6},"end":{"line":54,"column":32}},"12":{"start":{"line":57,"column":6},"end":{"line":57,"column":36}},"13":{"start":{"line":58,"column":6},"end":{"line":58,"column":32}},"14":{"start":{"line":61,"column":6},"end":{"line":61,"column":33}},"15":{"start":{"line":62,"column":6},"end":{"line":62,"column":32}},"16":{"start":{"line":65,"column":6},"end":{"line":65,"column":29}},"17":{"start":{"line":66,"column":6},"end":{"line":66,"column":32}},"18":{"start":{"line":69,"column":6},"end":{"line":69,"column":31}},"19":{"start":{"line":70,"column":6},"end":{"line":70,"column":32}},"20":{"start":{"line":73,"column":6},"end":{"line":73,"column":41}},"21":{"start":{"line":74,"column":6},"end":{"line":74,"column":32}},"22":{"start":{"line":77,"column":6},"end":{"line":77,"column":44}},"23":{"start":{"line":78,"column":6},"end":{"line":78,"column":32}},"24":{"start":{"line":81,"column":6},"end":{"line":81,"column":46}},"25":{"start":{"line":82,"column":6},"end":{"line":82,"column":32}},"26":{"start":{"line":85,"column":6},"end":{"line":85,"column":78}},"27":{"start":{"line":86,"column":6},"end":{"line":86,"column":32}},"28":{"start":{"line":89,"column":6},"end":{"line":89,"column":31}},"29":{"start":{"line":90,"column":6},"end":{"line":90,"column":32}},"30":{"start":{"line":93,"column":6},"end":{"line":93,"column":84}},"31":{"start":{"line":94,"column":6},"end":{"line":94,"column":32}},"32":{"start":{"line":97,"column":6},"end":{"line":97,"column":32}},"33":{"start":{"line":98,"column":6},"end":{"line":98,"column":32}},"34":{"start":{"line":102,"column":6},"end":{"line":102,"column":34}},"35":{"start":{"line":103,"column":6},"end":{"line":103,"column":32}},"36":{"start":{"line":106,"column":6},"end":{"line":106,"column":39}},"37":{"start":{"line":107,"column":6},"end":{"line":107,"column":32}},"38":{"start":{"line":110,"column":6},"end":{"line":110,"column":29}},"39":{"start":{"line":111,"column":6},"end":{"line":111,"column":32}},"40":{"start":{"line":113,"column":6},"end":{"line":113,"column":19}},"41":{"start":{"line":114,"column":6},"end":{"line":114,"column":32}},"42":{"start":{"line":26,"column":0},"end":{"line":26,"column":16}},"43":{"start":{"line":118,"column":0},"end":{"line":139,"column":42}},"44":{"start":{"line":119,"column":2},"end":{"line":119,"column":62}},"45":{"start":{"line":120,"column":2},"end":{"line":120,"column":60}},"46":{"start":{"line":121,"column":2},"end":{"line":121,"column":58}},"47":{"start":{"line":122,"column":2},"end":{"line":122,"column":60}},"48":{"start":{"line":123,"column":2},"end":{"line":123,"column":68}},"49":{"start":{"line":124,"column":2},"end":{"line":124,"column":58}},"50":{"start":{"line":125,"column":2},"end":{"line":125,"column":66}},"51":{"start":{"line":126,"column":2},"end":{"line":126,"column":60}},"52":{"start":{"line":127,"column":2},"end":{"line":127,"column":62}},"53":{"start":{"line":128,"column":2},"end":{"line":128,"column":58}},"54":{"start":{"line":129,"column":2},"end":{"line":129,"column":57}},"55":{"start":{"line":130,"column":2},"end":{"line":130,"column":57}},"56":{"start":{"line":131,"column":2},"end":{"line":131,"column":53}},"57":{"start":{"line":132,"column":2},"end":{"line":132,"column":51}},"58":{"start":{"line":133,"column":2},"end":{"line":133,"column":51}},"59":{"start":{"line":134,"column":2},"end":{"line":134,"column":61}},"60":{"start":{"line":135,"column":2},"end":{"line":135,"column":61}},"61":{"start":{"line":136,"column":2},"end":{"line":136,"column":59}},"62":{"start":{"line":137,"column":2},"end":{"line":137,"column":55}},"63":{"start":{"line":141,"column":13},"end":{"line":168,"column":2}}},"fnMap":{"0":{"name":"RegExChk","decl":{"start":{"line":26,"column":16},"end":{"line":26,"column":24}},"loc":{"start":{"line":26,"column":72},"end":{"line":116,"column":1}}},"1":{"name":"(anonymous_1)","decl":{"start":{"line":118,"column":1},"end":{"line":118,"column":11}},"loc":{"start":{"line":118,"column":24},"end":{"line":139,"column":1}}}},"branchMap":{"0":{"loc":{"start":{"line":35,"column":4},"end":{"line":37,"column":32}},"type":"switch","locations":[{"start":{"line":35,"column":4},"end":{"line":37,"column":32}},{"start":{"line":39,"column":4},"end":{"line":41,"column":32}},{"start":{"line":43,"column":4},"end":{"line":45,"column":32}},{"start":{"line":47,"column":4},"end":{"line":49,"column":32}},{"start":{"line":51,"column":4},"end":{"line":54,"column":32}},{"start":{"line":56,"column":4},"end":{"line":58,"column":32}},{"start":{"line":60,"column":4},"end":{"line":62,"column":32}},{"start":{"line":64,"column":4},"end":{"line":66,"column":32}},{"start":{"line":68,"column":4},"end":{"line":70,"column":32}},{"start":{"line":72,"column":4},"end":{"line":74,"column":32}},{"start":{"line":76,"column":4},"end":{"line":78,"column":32}},{"start":{"line":80,"column":4},"end":{"line":82,"column":32}},{"start":{"line":84,"column":4},"end":{"line":86,"column":32}},{"start":{"line":88,"column":4},"end":{"line":90,"column":32}},{"start":{"line":92,"column":4},"end":{"line":94,"column":32}},{"start":{"line":96,"column":4},"end":{"line":98,"column":32}},{"start":{"line":100,"column":4},"end":{"line":103,"column":32}},{"start":{"line":105,"column":4},"end":{"line":107,"column":32}},{"start":{"line":109,"column":4},"end":{"line":111,"column":32}},{"start":{"line":112,"column":4},"end":{"line":114,"column":32}}]},"1":{"loc":{"start":{"line":139,"column":3},"end":{"line":139,"column":16}},"type":"binary-expr","locations":[{"start":{"line":139,"column":3},"end":{"line":139,"column":16}},{"start":{"line":139,"column":21},"end":{"line":139,"column":39}}]}},"s":{"0":24,"1":24,"2":1,"3":1,"4":1,"5":1,"6":1,"7":1,"8":2,"9":2,"10":1,"11":1,"12":2,"13":2,"14":1,"15":1,"16":1,"17":1,"18":1,"19":1,"20":1,"21":1,"22":1,"23":1,"24":1,"25":1,"26":1,"27":1,"28":1,"29":1,"30":1,"31":1,"32":1,"33":1,"34":1,"35":1,"36":1,"37":1,"38":2,"39":2,"40":2,"41":2,"42":1,"43":1,"44":1,"45":1,"46":1,"47":1,"48":1,"49":1,"50":1,"51":1,"52":1,"53":1,"54":1,"55":1,"56":1,"57":1,"58":1,"59":1,"60":1,"61":1,"62":1,"63":1},"f":{"0":24,"1":1},"b":{"0":[1,1,1,2,1,2,1,1,1,1,1,1,1,1,1,1,1,1,2,2],"1":[1,1]}}
,"/Users/duanguang/Documents/Front-End/legions/legion-guard/packages/legions-utils-tool/src/storage/index.ts": {"path":"/Users/duanguang/Documents/Front-End/legions/legion-guard/packages/legions-utils-tool/src/storage/index.ts","statementMap":{"0":{"start":{"line":10,"column":19},"end":{"line":10,"column":73}},"1":{"start":{"line":11,"column":2},"end":{"line":11,"column":48}},"2":{"start":{"line":9,"column":0},"end":{"line":9,"column":16}},"3":{"start":{"line":21,"column":2},"end":{"line":21,"column":58}},"4":{"start":{"line":20,"column":0},"end":{"line":20,"column":16}}},"fnMap":{"0":{"name":"getStorageItem","decl":{"start":{"line":9,"column":16},"end":{"line":9,"column":30}},"loc":{"start":{"line":9,"column":67},"end":{"line":12,"column":1}}},"1":{"name":"setStorageItems","decl":{"start":{"line":20,"column":16},"end":{"line":20,"column":31}},"loc":{"start":{"line":20,"column":55},"end":{"line":22,"column":1}}}},"branchMap":{"0":{"loc":{"start":{"line":11,"column":22},"end":{"line":11,"column":32}},"type":"cond-expr","locations":[{"start":{"line":11,"column":22},"end":{"line":11,"column":32}},{"start":{"line":11,"column":35},"end":{"line":11,"column":47}}]}},"s":{"0":0,"1":0,"2":1,"3":1,"4":1},"f":{"0":0,"1":1},"b":{"0":[0,0]}}
,"/Users/duanguang/Documents/Front-End/legions/legion-guard/packages/legions-utils-tool/src/type.validation/index.ts": {"path":"/Users/duanguang/Documents/Front-End/legions/legion-guard/packages/legions-utils-tool/src/type.validation/index.ts","statementMap":{"0":{"start":{"line":7,"column":2},"end":{"line":7,"column":69}},"1":{"start":{"line":6,"column":0},"end":{"line":6,"column":16}},"2":{"start":{"line":10,"column":2},"end":{"line":10,"column":29}},"3":{"start":{"line":9,"column":0},"end":{"line":9,"column":16}},"4":{"start":{"line":13,"column":2},"end":{"line":13,"column":24}},"5":{"start":{"line":12,"column":0},"end":{"line":12,"column":16}},"6":{"start":{"line":16,"column":2},"end":{"line":16,"column":35}},"7":{"start":{"line":15,"column":0},"end":{"line":15,"column":16}},"8":{"start":{"line":19,"column":2},"end":{"line":23,"column":4}},"9":{"start":{"line":18,"column":0},"end":{"line":18,"column":16}},"10":{"start":{"line":26,"column":2},"end":{"line":26,"column":36}},"11":{"start":{"line":25,"column":0},"end":{"line":25,"column":16}},"12":{"start":{"line":29,"column":2},"end":{"line":29,"column":66}},"13":{"start":{"line":28,"column":0},"end":{"line":28,"column":16}},"14":{"start":{"line":32,"column":2},"end":{"line":32,"column":40}},"15":{"start":{"line":31,"column":0},"end":{"line":31,"column":16}}},"fnMap":{"0":{"name":"isObject","decl":{"start":{"line":6,"column":16},"end":{"line":6,"column":24}},"loc":{"start":{"line":6,"column":30},"end":{"line":8,"column":1}}},"1":{"name":"isUndefined","decl":{"start":{"line":9,"column":16},"end":{"line":9,"column":27}},"loc":{"start":{"line":9,"column":38},"end":{"line":11,"column":1}}},"2":{"name":"isNull","decl":{"start":{"line":12,"column":16},"end":{"line":12,"column":22}},"loc":{"start":{"line":12,"column":33},"end":{"line":14,"column":1}}},"3":{"name":"isString","decl":{"start":{"line":15,"column":16},"end":{"line":15,"column":24}},"loc":{"start":{"line":15,"column":30},"end":{"line":17,"column":1}}},"4":{"name":"isPromise","decl":{"start":{"line":18,"column":16},"end":{"line":18,"column":25}},"loc":{"start":{"line":18,"column":29},"end":{"line":24,"column":1}}},"5":{"name":"isBoolean","decl":{"start":{"line":25,"column":16},"end":{"line":25,"column":25}},"loc":{"start":{"line":25,"column":31},"end":{"line":27,"column":1}}},"6":{"name":"isArray","decl":{"start":{"line":28,"column":16},"end":{"line":28,"column":23}},"loc":{"start":{"line":28,"column":27},"end":{"line":30,"column":1}}},"7":{"name":"isNullUndefined","decl":{"start":{"line":31,"column":16},"end":{"line":31,"column":31}},"loc":{"start":{"line":31,"column":35},"end":{"line":33,"column":1}}}},"branchMap":{"0":{"loc":{"start":{"line":20,"column":4},"end":{"line":20,"column":9}},"type":"binary-expr","locations":[{"start":{"line":20,"column":4},"end":{"line":20,"column":9}},{"start":{"line":21,"column":5},"end":{"line":21,"column":28}},{"start":{"line":21,"column":32},"end":{"line":21,"column":57}},{"start":{"line":22,"column":4},"end":{"line":22,"column":34}}]},"1":{"loc":{"start":{"line":32,"column":9},"end":{"line":32,"column":21}},"type":"binary-expr","locations":[{"start":{"line":32,"column":9},"end":{"line":32,"column":21}},{"start":{"line":32,"column":25},"end":{"line":32,"column":39}}]}},"s":{"0":23,"1":2,"2":15,"3":2,"4":2,"5":2,"6":0,"7":2,"8":1,"9":2,"10":0,"11":2,"12":1,"13":2,"14":3,"15":2},"f":{"0":23,"1":15,"2":2,"3":0,"4":1,"5":0,"6":1,"7":3},"b":{"0":[1,1,0,1],"1":[3,2]}}
,"/Users/duanguang/Documents/Front-End/legions/legion-guard/packages/legions-utils-tool/src/utils/utils.ts": {"path":"/Users/duanguang/Documents/Front-End/legions/legion-guard/packages/legions-utils-tool/src/utils/utils.ts","statementMap":{"0":{"start":{"line":2,"column":2},"end":{"line":2,"column":14}},"1":{"start":{"line":3,"column":2},"end":{"line":3,"column":19}},"2":{"start":{"line":4,"column":2},"end":{"line":15,"column":7}},"3":{"start":{"line":7,"column":14},"end":{"line":7,"column":38}},"4":{"start":{"line":8,"column":6},"end":{"line":10,"column":null}},"5":{"start":{"line":9,"column":8},"end":{"line":9,"column":17}},"6":{"start":{"line":11,"column":6},"end":{"line":13,"column":null}},"7":{"start":{"line":12,"column":8},"end":{"line":12,"column":19}},"8":{"start":{"line":14,"column":6},"end":{"line":14,"column":65}},"9":{"start":{"line":14,"column":24},"end":{"line":14,"column":54}},"10":{"start":{"line":1,"column":0},"end":{"line":1,"column":16}}},"fnMap":{"0":{"name":"normalize","decl":{"start":{"line":1,"column":16},"end":{"line":1,"column":25}},"loc":{"start":{"line":1,"column":27},"end":{"line":16,"column":1}}},"1":{"name":"(anonymous_1)","decl":{"start":{"line":6,"column":48},"end":{"line":6,"column":49}},"loc":{"start":{"line":6,"column":56},"end":{"line":15,"column":5}}},"2":{"name":"(anonymous_2)","decl":{"start":{"line":14,"column":19},"end":{"line":14,"column":20}},"loc":{"start":{"line":14,"column":20},"end":{"line":14,"column":25}}}},"branchMap":{"0":{"loc":{"start":{"line":2,"column":6},"end":{"line":2,"column":7}},"type":"binary-expr","locations":[{"start":{"line":2,"column":6},"end":{"line":2,"column":7}},{"start":{"line":2,"column":11},"end":{"line":2,"column":13}}]},"1":{"loc":{"start":{"line":8,"column":6},"end":{"line":10,"column":null}},"type":"if","locations":[{"start":{"line":8,"column":6},"end":{"line":10,"column":null}},{"start":{"line":8,"column":6},"end":{"line":10,"column":null}}]},"2":{"loc":{"start":{"line":11,"column":6},"end":{"line":13,"column":null}},"type":"if","locations":[{"start":{"line":11,"column":6},"end":{"line":13,"column":null}},{"start":{"line":11,"column":6},"end":{"line":13,"column":null}}]}},"s":{"0":21,"1":21,"2":21,"3":3,"4":3,"5":2,"6":3,"7":2,"8":3,"9":9,"10":2},"f":{"0":21,"1":3,"2":9},"b":{"0":[21,1],"1":[2,1],"2":[2,1]}}
}
