{"E:\\hoolinks\\legion-guard\\packages\\legions-utils-tool\\src\\regex\\index.ts": {"path":"E:\\hoolinks\\legion-guard\\packages\\legions-utils-tool\\src\\regex\\index.ts","statementMap":{"0":{"start":{"line":27,"column":15},"end":{"line":27,"column":20}},"1":{"start":{"line":29,"column":2},"end":{"line":115,"column":null}},"2":{"start":{"line":36,"column":6},"end":{"line":36,"column":33}},"3":{"start":{"line":37,"column":6},"end":{"line":37,"column":32}},"4":{"start":{"line":40,"column":6},"end":{"line":40,"column":35}},"5":{"start":{"line":41,"column":6},"end":{"line":41,"column":32}},"6":{"start":{"line":44,"column":6},"end":{"line":44,"column":24}},"7":{"start":{"line":45,"column":6},"end":{"line":45,"column":32}},"8":{"start":{"line":48,"column":6},"end":{"line":48,"column":28}},"9":{"start":{"line":49,"column":6},"end":{"line":49,"column":32}},"10":{"start":{"line":52,"column":6},"end":{"line":52,"column":27}},"11":{"start":{"line":54,"column":6},"end":{"line":54,"column":32}},"12":{"start":{"line":57,"column":6},"end":{"line":57,"column":36}},"13":{"start":{"line":58,"column":6},"end":{"line":58,"column":32}},"14":{"start":{"line":61,"column":6},"end":{"line":61,"column":33}},"15":{"start":{"line":62,"column":6},"end":{"line":62,"column":32}},"16":{"start":{"line":65,"column":6},"end":{"line":65,"column":29}},"17":{"start":{"line":66,"column":6},"end":{"line":66,"column":32}},"18":{"start":{"line":69,"column":6},"end":{"line":69,"column":31}},"19":{"start":{"line":70,"column":6},"end":{"line":70,"column":32}},"20":{"start":{"line":73,"column":6},"end":{"line":73,"column":41}},"21":{"start":{"line":74,"column":6},"end":{"line":74,"column":32}},"22":{"start":{"line":77,"column":6},"end":{"line":77,"column":44}},"23":{"start":{"line":78,"column":6},"end":{"line":78,"column":32}},"24":{"start":{"line":81,"column":6},"end":{"line":81,"column":46}},"25":{"start":{"line":82,"column":6},"end":{"line":82,"column":32}},"26":{"start":{"line":85,"column":6},"end":{"line":85,"column":78}},"27":{"start":{"line":86,"column":6},"end":{"line":86,"column":32}},"28":{"start":{"line":89,"column":6},"end":{"line":89,"column":31}},"29":{"start":{"line":90,"column":6},"end":{"line":90,"column":32}},"30":{"start":{"line":93,"column":6},"end":{"line":93,"column":84}},"31":{"start":{"line":94,"column":6},"end":{"line":94,"column":32}},"32":{"start":{"line":97,"column":6},"end":{"line":97,"column":32}},"33":{"start":{"line":98,"column":6},"end":{"line":98,"column":32}},"34":{"start":{"line":102,"column":6},"end":{"line":102,"column":34}},"35":{"start":{"line":103,"column":6},"end":{"line":103,"column":32}},"36":{"start":{"line":106,"column":6},"end":{"line":106,"column":39}},"37":{"start":{"line":107,"column":6},"end":{"line":107,"column":32}},"38":{"start":{"line":110,"column":6},"end":{"line":110,"column":29}},"39":{"start":{"line":111,"column":6},"end":{"line":111,"column":32}},"40":{"start":{"line":113,"column":6},"end":{"line":113,"column":19}},"41":{"start":{"line":114,"column":6},"end":{"line":114,"column":32}},"42":{"start":{"line":26,"column":0},"end":{"line":26,"column":16}},"43":{"start":{"line":118,"column":0},"end":{"line":139,"column":42}},"44":{"start":{"line":119,"column":2},"end":{"line":119,"column":62}},"45":{"start":{"line":120,"column":2},"end":{"line":120,"column":60}},"46":{"start":{"line":121,"column":2},"end":{"line":121,"column":58}},"47":{"start":{"line":122,"column":2},"end":{"line":122,"column":60}},"48":{"start":{"line":123,"column":2},"end":{"line":123,"column":68}},"49":{"start":{"line":124,"column":2},"end":{"line":124,"column":58}},"50":{"start":{"line":125,"column":2},"end":{"line":125,"column":66}},"51":{"start":{"line":126,"column":2},"end":{"line":126,"column":60}},"52":{"start":{"line":127,"column":2},"end":{"line":127,"column":62}},"53":{"start":{"line":128,"column":2},"end":{"line":128,"column":58}},"54":{"start":{"line":129,"column":2},"end":{"line":129,"column":57}},"55":{"start":{"line":130,"column":2},"end":{"line":130,"column":57}},"56":{"start":{"line":131,"column":2},"end":{"line":131,"column":53}},"57":{"start":{"line":132,"column":2},"end":{"line":132,"column":51}},"58":{"start":{"line":133,"column":2},"end":{"line":133,"column":51}},"59":{"start":{"line":134,"column":2},"end":{"line":134,"column":61}},"60":{"start":{"line":135,"column":2},"end":{"line":135,"column":61}},"61":{"start":{"line":136,"column":2},"end":{"line":136,"column":59}},"62":{"start":{"line":137,"column":2},"end":{"line":137,"column":55}},"63":{"start":{"line":141,"column":13},"end":{"line":168,"column":2}}},"fnMap":{"0":{"name":"RegExChk","decl":{"start":{"line":26,"column":16},"end":{"line":26,"column":24}},"loc":{"start":{"line":26,"column":72},"end":{"line":116,"column":1}}},"1":{"name":"(anonymous_1)","decl":{"start":{"line":118,"column":1},"end":{"line":118,"column":11}},"loc":{"start":{"line":118,"column":24},"end":{"line":139,"column":1}}}},"branchMap":{"0":{"loc":{"start":{"line":35,"column":4},"end":{"line":37,"column":32}},"type":"switch","locations":[{"start":{"line":35,"column":4},"end":{"line":37,"column":32}},{"start":{"line":39,"column":4},"end":{"line":41,"column":32}},{"start":{"line":43,"column":4},"end":{"line":45,"column":32}},{"start":{"line":47,"column":4},"end":{"line":49,"column":32}},{"start":{"line":51,"column":4},"end":{"line":54,"column":32}},{"start":{"line":56,"column":4},"end":{"line":58,"column":32}},{"start":{"line":60,"column":4},"end":{"line":62,"column":32}},{"start":{"line":64,"column":4},"end":{"line":66,"column":32}},{"start":{"line":68,"column":4},"end":{"line":70,"column":32}},{"start":{"line":72,"column":4},"end":{"line":74,"column":32}},{"start":{"line":76,"column":4},"end":{"line":78,"column":32}},{"start":{"line":80,"column":4},"end":{"line":82,"column":32}},{"start":{"line":84,"column":4},"end":{"line":86,"column":32}},{"start":{"line":88,"column":4},"end":{"line":90,"column":32}},{"start":{"line":92,"column":4},"end":{"line":94,"column":32}},{"start":{"line":96,"column":4},"end":{"line":98,"column":32}},{"start":{"line":100,"column":4},"end":{"line":103,"column":32}},{"start":{"line":105,"column":4},"end":{"line":107,"column":32}},{"start":{"line":109,"column":4},"end":{"line":111,"column":32}},{"start":{"line":112,"column":4},"end":{"line":114,"column":32}}]},"1":{"loc":{"start":{"line":139,"column":3},"end":{"line":139,"column":16}},"type":"binary-expr","locations":[{"start":{"line":139,"column":3},"end":{"line":139,"column":16}},{"start":{"line":139,"column":21},"end":{"line":139,"column":39}}]}},"s":{"0":24,"1":24,"2":1,"3":1,"4":1,"5":1,"6":1,"7":1,"8":2,"9":2,"10":1,"11":1,"12":2,"13":2,"14":1,"15":1,"16":1,"17":1,"18":1,"19":1,"20":1,"21":1,"22":1,"23":1,"24":1,"25":1,"26":1,"27":1,"28":1,"29":1,"30":1,"31":1,"32":1,"33":1,"34":1,"35":1,"36":1,"37":1,"38":2,"39":2,"40":2,"41":2,"42":1,"43":1,"44":1,"45":1,"46":1,"47":1,"48":1,"49":1,"50":1,"51":1,"52":1,"53":1,"54":1,"55":1,"56":1,"57":1,"58":1,"59":1,"60":1,"61":1,"62":1,"63":1},"f":{"0":24,"1":1},"b":{"0":[1,1,1,2,1,2,1,1,1,1,1,1,1,1,1,1,1,1,2,2],"1":[1,1]}}
}
