TN:
SF:E:\hoolinks\legion-guard\packages\legions-utils-tool\src\regex\index.ts
FN:26,RegExChk
FN:118,(anonymous_1)
FNF:2
FNH:2
FNDA:24,RegExChk
FNDA:1,(anonymous_1)
DA:26,1
DA:27,24
DA:29,24
DA:36,1
DA:37,1
DA:40,1
DA:41,1
DA:44,1
DA:45,1
DA:48,2
DA:49,2
DA:52,1
DA:54,1
DA:57,2
DA:58,2
DA:61,1
DA:62,1
DA:65,1
DA:66,1
DA:69,1
DA:70,1
DA:73,1
DA:74,1
DA:77,1
DA:78,1
DA:81,1
DA:82,1
DA:85,1
DA:86,1
DA:89,1
DA:90,1
DA:93,1
DA:94,1
DA:97,1
DA:98,1
DA:102,1
DA:103,1
DA:106,1
DA:107,1
DA:110,2
DA:111,2
DA:113,2
DA:114,2
DA:118,1
DA:119,1
DA:120,1
DA:121,1
DA:122,1
DA:123,1
DA:124,1
DA:125,1
DA:126,1
DA:127,1
DA:128,1
DA:129,1
DA:130,1
DA:131,1
DA:132,1
DA:133,1
DA:134,1
DA:135,1
DA:136,1
DA:137,1
DA:141,1
LF:64
LH:64
BRDA:35,0,0,1
BRDA:35,0,1,1
BRDA:35,0,2,1
BRDA:35,0,3,2
BRDA:35,0,4,1
BRDA:35,0,5,2
BRDA:35,0,6,1
BRDA:35,0,7,1
BRDA:35,0,8,1
BRDA:35,0,9,1
BRDA:35,0,10,1
BRDA:35,0,11,1
BRDA:35,0,12,1
BRDA:35,0,13,1
BRDA:35,0,14,1
BRDA:35,0,15,1
BRDA:35,0,16,1
BRDA:35,0,17,1
BRDA:35,0,18,2
BRDA:35,0,19,2
BRDA:139,1,0,1
BRDA:139,1,1,1
BRF:22
BRH:22
end_of_record
