TN:
SF:E:\hoolinks\legion-guard\packages\legions-utils-tool\src\cookie\index.ts
FN:9,setCookie
FN:22,getCookie
FN:42,removeCookie
FN:52,clearAllCookie
FNF:4
FNH:3
FNDA:2,setCookie
FNDA:2,getCookie
FNDA:1,removeCookie
FNDA:0,clearAllCookie
DA:9,1
DA:10,2
DA:11,2
DA:12,2
DA:22,1
DA:23,2
DA:24,2
DA:25,2
DA:26,2
DA:27,2
DA:28,1
DA:33,1
DA:42,1
DA:44,1
DA:52,1
DA:53,0
DA:54,0
DA:55,0
DA:56,0
DA:58,0
LF:20
LH:15
BRDA:23,0,0,2
BRDA:23,0,1,0
BRDA:27,1,0,1
BRDA:27,1,1,1
BRDA:33,2,0,1
BRDA:33,2,1,1
BRDA:54,3,0,0
BRDA:54,3,1,0
BRF:8
BRH:5
end_of_record
TN:
SF:E:\hoolinks\legion-guard\packages\legions-utils-tool\src\format.string\index.ts
FN:41,formatTrim
FN:54,formatLocaleString
FN:59,(anonymous_2)
FN:61,(anonymous_3)
FN:76,number
FN:95,amount
FN:99,formatNumber
FN:205,isJSON
FN:230,getStringLen
FNF:9
FNH:8
FNDA:1,formatTrim
FNDA:1,formatLocaleString
FNDA:1,(anonymous_2)
FNDA:1,(anonymous_3)
FNDA:2,number
FNDA:1,amount
FNDA:2,formatNumber
FNDA:2,isJSON
FNDA:0,getStringLen
DA:1,1
DA:3,1
DA:41,1
DA:42,1
DA:43,1
DA:45,0
DA:54,1
DA:56,1
DA:57,0
DA:59,1
DA:61,1
DA:62,1
DA:65,1
DA:76,1
DA:77,2
DA:78,2
DA:95,1
DA:96,1
DA:98,1
DA:100,2
DA:102,2
DA:103,2
DA:105,2
DA:106,2
DA:108,2
DA:109,2
DA:110,2
DA:111,2
DA:113,2
DA:115,2
DA:116,0
DA:117,0
DA:118,0
DA:120,0
DA:121,0
DA:125,2
DA:126,2
DA:129,2
DA:130,0
DA:139,2
DA:145,2
DA:146,2
DA:147,2
DA:150,2
DA:151,2
DA:152,2
DA:154,2
DA:155,0
DA:156,0
DA:157,0
DA:158,0
DA:160,0
DA:164,2
DA:165,8
DA:166,2
DA:168,8
DA:172,2
DA:173,0
DA:176,2
DA:177,2
DA:179,0
DA:180,0
DA:181,0
DA:182,0
DA:186,2
DA:187,0
DA:190,2
DA:196,2
DA:205,1
DA:206,2
DA:207,2
DA:208,2
DA:209,2
DA:210,1
DA:211,1
DA:213,0
DA:216,1
DA:217,1
DA:220,2
DA:230,1
DA:231,0
DA:232,0
DA:233,0
DA:234,0
DA:235,0
DA:236,0
DA:237,0
DA:238,0
DA:240,0
DA:245,0
LF:90
LH:60
BRDA:42,0,0,1
BRDA:42,0,1,0
BRDA:56,1,0,0
BRDA:56,1,1,1
BRDA:79,2,0,0
BRDA:79,2,1,2
BRDA:100,3,0,0
BRDA:100,3,1,2
BRDA:106,4,0,0
BRDA:106,4,1,2
BRDA:106,5,0,2
BRDA:106,5,1,2
BRDA:113,6,0,0
BRDA:113,6,1,2
BRDA:115,7,0,0
BRDA:115,7,1,2
BRDA:115,8,0,2
BRDA:115,8,1,2
BRDA:117,9,0,0
BRDA:117,9,1,0
BRDA:117,10,0,0
BRDA:117,10,1,0
BRDA:117,10,2,0
BRDA:125,11,0,2
BRDA:125,11,1,0
BRDA:125,12,0,2
BRDA:125,12,1,2
BRDA:126,13,0,2
BRDA:126,13,1,0
BRDA:129,14,0,0
BRDA:129,14,1,2
BRDA:147,15,0,2
BRDA:147,15,1,0
BRDA:154,16,0,0
BRDA:154,16,1,2
BRDA:157,17,0,0
BRDA:157,17,1,0
BRDA:157,18,0,0
BRDA:157,18,1,0
BRDA:165,19,0,2
BRDA:165,19,1,6
BRDA:165,20,0,8
BRDA:165,20,1,2
BRDA:176,21,0,2
BRDA:176,21,1,0
BRDA:176,22,0,2
BRDA:176,22,1,2
BRDA:179,23,0,0
BRDA:179,23,1,0
BRDA:179,24,0,0
BRDA:179,24,1,0
BRDA:186,25,0,0
BRDA:186,25,1,2
BRDA:192,26,0,0
BRDA:192,26,1,2
BRDA:194,27,0,0
BRDA:194,27,1,2
BRDA:207,28,0,2
BRDA:207,28,1,0
BRDA:210,29,0,1
BRDA:210,29,1,0
BRDA:210,30,0,1
BRDA:210,30,1,1
BRDA:232,31,0,0
BRDA:232,31,1,0
BRDA:233,32,0,0
BRDA:233,32,1,0
BRDA:233,33,0,0
BRDA:233,33,1,0
BRDA:235,34,0,0
BRDA:235,34,1,0
BRDA:237,35,0,0
BRDA:237,35,1,0
BRDA:237,36,0,0
BRDA:237,36,1,0
BRF:75
BRH:32
end_of_record
TN:
SF:E:\hoolinks\legion-guard\packages\legions-utils-tool\src\type.validation\index.ts
FN:4,(anonymous_0)
FN:6,isUndefined
FN:9,isNull
FN:12,isPromise
FN:19,isArray
FN:22,isNullUndefined
FNF:6
FNH:2
FNDA:2,(anonymous_0)
FNDA:2,isUndefined
FNDA:0,isNull
FNDA:0,isPromise
FNDA:0,isArray
FNDA:0,isNullUndefined
DA:4,1
DA:5,2
DA:6,1
DA:7,2
DA:9,1
DA:10,0
DA:12,1
DA:13,0
DA:19,1
DA:20,0
DA:22,1
DA:23,0
LF:12
LH:8
BRDA:5,0,0,2
BRDA:5,0,1,2
BRDA:5,0,2,0
BRDA:14,1,0,0
BRDA:14,1,1,0
BRDA:14,1,2,0
BRDA:14,1,3,0
BRDA:23,2,0,0
BRDA:23,2,1,0
BRF:9
BRH:2
end_of_record
