{"/Users/duanguang/Documents/Front-End/legions/legion-guard/packages/legions-decorator/src/enumerate/index.ts": {"path":"/Users/duanguang/Documents/Front-End/legions/legion-guard/packages/legions-decorator/src/enumerate/index.ts","statementMap":{"0":{"start":{"line":26,"column":0},"end":{"line":26,"column":null}},"1":{"start":{"line":33,"column":4},"end":{"line":33,"column":21}},"2":{"start":{"line":34,"column":4},"end":{"line":34,"column":23}},"3":{"start":{"line":42,"column":2},"end":{"line":44,"column":null}},"4":{"start":{"line":43,"column":4},"end":{"line":43,"column":21}},"5":{"start":{"line":52,"column":2},"end":{"line":54,"column":null}},"6":{"start":{"line":53,"column":4},"end":{"line":53,"column":22}},"7":{"start":{"line":55,"column":0},"end":{"line":55,"column":null}},"8":{"start":{"line":77,"column":30},"end":{"line":77,"column":72}},"9":{"start":{"line":78,"column":2},"end":{"line":89,"column":4}},"10":{"start":{"line":79,"column":4},"end":{"line":83,"column":7}},"11":{"start":{"line":80,"column":6},"end":{"line":82,"column":null}},"12":{"start":{"line":81,"column":8},"end":{"line":81,"column":51}},"13":{"start":{"line":84,"column":4},"end":{"line":88,"column":7}},"14":{"start":{"line":76,"column":0},"end":{"line":76,"column":16}},"15":{"start":{"line":97,"column":0},"end":{"line":97,"column":null}},"16":{"start":{"line":105,"column":2},"end":{"line":113,"column":null}},"17":{"start":{"line":106,"column":4},"end":{"line":111,"column":null}},"18":{"start":{"line":107,"column":22},"end":{"line":107,"column":62}},"19":{"start":{"line":108,"column":6},"end":{"line":110,"column":null}},"20":{"start":{"line":109,"column":8},"end":{"line":109,"column":32}},"21":{"start":{"line":112,"column":4},"end":{"line":112,"column":11}},"22":{"start":{"line":121,"column":2},"end":{"line":129,"column":null}},"23":{"start":{"line":122,"column":4},"end":{"line":127,"column":null}},"24":{"start":{"line":123,"column":22},"end":{"line":123,"column":62}},"25":{"start":{"line":124,"column":6},"end":{"line":126,"column":null}},"26":{"start":{"line":125,"column":8},"end":{"line":125,"column":33}},"27":{"start":{"line":128,"column":4},"end":{"line":128,"column":11}},"28":{"start":{"line":138,"column":2},"end":{"line":192,"column":null}},"29":{"start":{"line":139,"column":33},"end":{"line":139,"column":35}},"30":{"start":{"line":141,"column":22},"end":{"line":141,"column":62}},"31":{"start":{"line":142,"column":6},"end":{"line":144,"column":null}},"32":{"start":{"line":146,"column":6},"end":{"line":152,"column":null}},"33":{"start":{"line":154,"column":6},"end":{"line":160,"column":null}},"34":{"start":{"line":162,"column":6},"end":{"line":168,"column":null}},"35":{"start":{"line":169,"column":27},"end":{"line":169,"column":54}},"36":{"start":{"line":170,"column":28},"end":{"line":170,"column":56}},"37":{"start":{"line":172,"column":6},"end":{"line":189,"column":null}},"38":{"start":{"line":173,"column":8},"end":{"line":183,"column":11}},"39":{"start":{"line":178,"column":14},"end":{"line":178,"column":44}},"40":{"start":{"line":178,"column":32},"end":{"line":178,"column":44}},"41":{"start":{"line":179,"column":14},"end":{"line":179,"column":45}},"42":{"start":{"line":179,"column":32},"end":{"line":179,"column":45}},"43":{"start":{"line":180,"column":14},"end":{"line":180,"column":26}},"44":{"start":{"line":185,"column":8},"end":{"line":188,"column":11}},"45":{"start":{"line":140,"column":4},"end":{"line":190,"column":null}},"46":{"start":{"line":140,"column":15},"end":{"line":140,"column":22}},"47":{"start":{"line":191,"column":4},"end":{"line":191,"column":15}},"48":{"start":{"line":193,"column":0},"end":{"line":193,"column":null}},"49":{"start":{"line":197,"column":0},"end":{"line":197,"column":64}},"50":{"start":{"line":197,"column":54},"end":{"line":197,"column":62}},"51":{"start":{"line":197,"column":64},"end":{"line":197,"column":null}},"52":{"start":{"line":197,"column":22},"end":{"line":197,"column":45}}},"fnMap":{"0":{"name":"(anonymous_0)","decl":{"start":{"line":26,"column":0},"end":{"line":26,"column":null}},"loc":{"start":{"line":26,"column":0},"end":{"line":55,"column":null}}},"1":{"name":"EnumMemberClass","decl":{"start":{"line":32,"column":2},"end":{"line":32,"column":14}},"loc":{"start":{"line":32,"column":31},"end":{"line":35,"column":3}}},"2":{"name":"(anonymous_2)","decl":{"start":{"line":42,"column":2},"end":{"line":42,"column":9}},"loc":{"start":{"line":42,"column":2},"end":{"line":44,"column":3}}},"3":{"name":"(anonymous_3)","decl":{"start":{"line":52,"column":2},"end":{"line":52,"column":10}},"loc":{"start":{"line":52,"column":2},"end":{"line":54,"column":3}}},"4":{"name":"EnumDesc","decl":{"start":{"line":76,"column":16},"end":{"line":76,"column":24}},"loc":{"start":{"line":76,"column":56},"end":{"line":90,"column":1}}},"5":{"name":"(anonymous_5)","decl":{"start":{"line":78,"column":9},"end":{"line":78,"column":10}},"loc":{"start":{"line":78,"column":37},"end":{"line":89,"column":3}}},"6":{"name":"(anonymous_6)","decl":{"start":{"line":79,"column":28},"end":{"line":79,"column":32}},"loc":{"start":{"line":79,"column":32},"end":{"line":83,"column":5}}},"7":{"name":"(anonymous_7)","decl":{"start":{"line":97,"column":0},"end":{"line":97,"column":null}},"loc":{"start":{"line":97,"column":0},"end":{"line":193,"column":null}}},"8":{"name":"(anonymous_9)","decl":{"start":{"line":105,"column":2},"end":{"line":105,"column":10}},"loc":{"start":{"line":105,"column":26},"end":{"line":113,"column":3}}},"9":{"name":"(anonymous_10)","decl":{"start":{"line":121,"column":2},"end":{"line":121,"column":11}},"loc":{"start":{"line":121,"column":27},"end":{"line":129,"column":3}}},"10":{"name":"(anonymous_11)","decl":{"start":{"line":138,"column":2},"end":{"line":138,"column":15}},"loc":{"start":{"line":138,"column":48},"end":{"line":192,"column":3}}},"11":{"name":"(anonymous_13)","decl":{"start":{"line":177,"column":17},"end":{"line":177,"column":21}},"loc":{"start":{"line":177,"column":21},"end":{"line":181,"column":13}}},"12":{"name":"(anonymous_14)","decl":{"start":{"line":197,"column":0},"end":{"line":197,"column":22}},"loc":{"start":{"line":197,"column":0},"end":{"line":197,"column":-1}}}},"branchMap":{"0":{"loc":{"start":{"line":80,"column":6},"end":{"line":82,"column":null}},"type":"if","locations":[{"start":{"line":80,"column":6},"end":{"line":82,"column":null}},{"start":{"line":80,"column":6},"end":{"line":82,"column":null}}]},"1":{"loc":{"start":{"line":108,"column":6},"end":{"line":110,"column":null}},"type":"if","locations":[{"start":{"line":108,"column":6},"end":{"line":110,"column":null}},{"start":{"line":108,"column":6},"end":{"line":110,"column":null}}]},"2":{"loc":{"start":{"line":108,"column":10},"end":{"line":108,"column":43}},"type":"binary-expr","locations":[{"start":{"line":108,"column":10},"end":{"line":108,"column":43}},{"start":{"line":108,"column":47},"end":{"line":108,"column":74}}]},"3":{"loc":{"start":{"line":124,"column":6},"end":{"line":126,"column":null}},"type":"if","locations":[{"start":{"line":124,"column":6},"end":{"line":126,"column":null}},{"start":{"line":124,"column":6},"end":{"line":126,"column":null}}]},"4":{"loc":{"start":{"line":124,"column":10},"end":{"line":124,"column":43}},"type":"binary-expr","locations":[{"start":{"line":124,"column":10},"end":{"line":124,"column":43}},{"start":{"line":124,"column":47},"end":{"line":124,"column":73}}]},"5":{"loc":{"start":{"line":142,"column":6},"end":{"line":144,"column":null}},"type":"if","locations":[{"start":{"line":142,"column":6},"end":{"line":144,"column":null}},{"start":{"line":142,"column":6},"end":{"line":144,"column":null}}]},"6":{"loc":{"start":{"line":146,"column":6},"end":{"line":152,"column":null}},"type":"if","locations":[{"start":{"line":146,"column":6},"end":{"line":152,"column":null}},{"start":{"line":146,"column":6},"end":{"line":152,"column":null}}]},"7":{"loc":{"start":{"line":147,"column":8},"end":{"line":147,"column":33}},"type":"binary-expr","locations":[{"start":{"line":147,"column":8},"end":{"line":147,"column":33}},{"start":{"line":148,"column":8},"end":{"line":148,"column":38}},{"start":{"line":149,"column":8},"end":{"line":149,"column":31}}]},"8":{"loc":{"start":{"line":154,"column":6},"end":{"line":160,"column":null}},"type":"if","locations":[{"start":{"line":154,"column":6},"end":{"line":160,"column":null}},{"start":{"line":154,"column":6},"end":{"line":160,"column":null}}]},"9":{"loc":{"start":{"line":155,"column":8},"end":{"line":155,"column":34}},"type":"binary-expr","locations":[{"start":{"line":155,"column":8},"end":{"line":155,"column":34}},{"start":{"line":156,"column":8},"end":{"line":156,"column":39}},{"start":{"line":157,"column":8},"end":{"line":157,"column":32}}]},"10":{"loc":{"start":{"line":162,"column":6},"end":{"line":168,"column":null}},"type":"if","locations":[{"start":{"line":162,"column":6},"end":{"line":168,"column":null}},{"start":{"line":162,"column":6},"end":{"line":168,"column":null}}]},"11":{"loc":{"start":{"line":163,"column":8},"end":{"line":163,"column":14}},"type":"binary-expr","locations":[{"start":{"line":163,"column":8},"end":{"line":163,"column":14}},{"start":{"line":164,"column":8},"end":{"line":164,"column":25}},{"start":{"line":165,"column":8},"end":{"line":165,"column":56}}]},"12":{"loc":{"start":{"line":172,"column":6},"end":{"line":189,"column":null}},"type":"if","locations":[{"start":{"line":172,"column":6},"end":{"line":189,"column":null}},{"start":{"line":172,"column":6},"end":{"line":189,"column":null}}]},"13":{"loc":{"start":{"line":172,"column":10},"end":{"line":172,"column":16}},"type":"binary-expr","locations":[{"start":{"line":172,"column":10},"end":{"line":172,"column":16}},{"start":{"line":172,"column":20},"end":{"line":172,"column":33}}]},"14":{"loc":{"start":{"line":178,"column":14},"end":{"line":178,"column":44}},"type":"if","locations":[{"start":{"line":178,"column":14},"end":{"line":178,"column":44}},{"start":{"line":178,"column":14},"end":{"line":178,"column":44}}]},"15":{"loc":{"start":{"line":179,"column":14},"end":{"line":179,"column":45}},"type":"if","locations":[{"start":{"line":179,"column":14},"end":{"line":179,"column":45}},{"start":{"line":179,"column":14},"end":{"line":179,"column":45}}]}},"s":{"0":1,"1":19,"2":19,"3":1,"4":244,"5":1,"6":179,"7":1,"8":19,"9":19,"10":19,"11":57,"12":3,"13":19,"14":1,"15":1,"16":1,"17":3,"18":11,"19":11,"20":2,"21":1,"22":1,"23":5,"24":18,"25":18,"26":4,"27":1,"28":1,"29":10,"30":112,"31":112,"32":63,"33":45,"34":36,"35":33,"36":33,"37":33,"38":20,"39":112,"40":32,"41":80,"42":20,"43":60,"44":13,"45":10,"46":112,"47":10,"48":1,"49":1,"50":1,"51":1,"52":1},"f":{"0":1,"1":19,"2":244,"3":179,"4":19,"5":19,"6":57,"7":4,"8":3,"9":5,"10":10,"11":112,"12":4},"b":{"0":[3,54],"1":[2,9],"2":[11,3],"3":[4,14],"4":[18,6],"5":[49,63],"6":[18,45],"7":[63,63,63],"8":[9,36],"9":[45,45,45],"10":[3,33],"11":[36,28,8],"12":[20,13],"13":[33,25],"14":[32,80],"15":[20,60]}}
,"/Users/duanguang/Documents/Front-End/legions/legion-guard/packages/legions-decorator/src/urlParams/index.ts": {"path":"/Users/duanguang/Documents/Front-End/legions/legion-guard/packages/legions-decorator/src/urlParams/index.ts","statementMap":{"0":{"start":{"line":14,"column":26},"end":{"line":24,"column":1}},"1":{"start":{"line":15,"column":4},"end":{"line":23,"column":7}},"2":{"start":{"line":17,"column":25},"end":{"line":17,"column":57}},"3":{"start":{"line":18,"column":24},"end":{"line":18,"column":57}},"4":{"start":{"line":19,"column":22},"end":{"line":19,"column":39}},"5":{"start":{"line":20,"column":12},"end":{"line":20,"column":50}},"6":{"start":{"line":20,"column":28},"end":{"line":20,"column":50}},"7":{"start":{"line":21,"column":12},"end":{"line":21,"column":26}},"8":{"start":{"line":26,"column":36},"end":{"line":37,"column":1}},"9":{"start":{"line":26,"column":37},"end":{"line":26,"column":44}},"10":{"start":{"line":27,"column":4},"end":{"line":36,"column":null}},"11":{"start":{"line":28,"column":12},"end":{"line":28,"column":null}},"12":{"start":{"line":28,"column":16},"end":{"line":28,"column":20}},"13":{"start":{"line":30,"column":8},"end":{"line":32,"column":null}},"14":{"start":{"line":31,"column":12},"end":{"line":31,"column":null}},"15":{"start":{"line":34,"column":12},"end":{"line":34,"column":null}},"16":{"start":{"line":34,"column":19},"end":{"line":34,"column":21}},"17":{"start":{"line":34,"column":24},"end":{"line":34,"column":28}},"18":{"start":{"line":35,"column":8},"end":{"line":35,"column":null}},"19":{"start":{"line":26,"column":13},"end":{"line":26,"column":36}}},"fnMap":{"0":{"name":"(anonymous_0)","decl":{"start":{"line":14,"column":26},"end":{"line":14,"column":27}},"loc":{"start":{"line":14,"column":79},"end":{"line":24,"column":1}}},"1":{"name":"(anonymous_1)","decl":{"start":{"line":16,"column":13},"end":{"line":16,"column":null}},"loc":{"start":{"line":16,"column":13},"end":{"line":22,"column":9}}},"2":{"name":"(anonymous_2)","decl":{"start":{"line":26,"column":36},"end":{"line":26,"column":37}},"loc":{"start":{"line":26,"column":36},"end":{"line":37,"column":1}}},"3":{"name":"(anonymous_3)","decl":{"start":{"line":30,"column":15},"end":{"line":30,"column":25}},"loc":{"start":{"line":30,"column":96},"end":{"line":32,"column":9}}}},"branchMap":{"0":{"loc":{"start":{"line":17,"column":31},"end":{"line":17,"column":34}},"type":"cond-expr","locations":[{"start":{"line":17,"column":31},"end":{"line":17,"column":34}},{"start":{"line":17,"column":37},"end":{"line":17,"column":57}}]},"1":{"loc":{"start":{"line":20,"column":12},"end":{"line":20,"column":50}},"type":"if","locations":[{"start":{"line":20,"column":12},"end":{"line":20,"column":50}},{"start":{"line":20,"column":12},"end":{"line":20,"column":50}}]},"2":{"loc":{"start":{"line":27,"column":4},"end":{"line":36,"column":null}},"type":"if","locations":[{"start":{"line":27,"column":4},"end":{"line":36,"column":null}},{"start":{"line":27,"column":4},"end":{"line":36,"column":null}}]}},"s":{"0":1,"1":9,"2":9,"3":9,"4":9,"5":9,"6":6,"7":3,"8":1,"9":33,"10":9,"11":6,"12":6,"13":6,"14":6,"15":3,"16":3,"17":3,"18":3,"19":1},"f":{"0":9,"1":9,"2":9,"3":6},"b":{"0":[6,3],"1":[6,3],"2":[6,3]}}
}
