{"/Users/duanguang/Documents/Front-End/legions/legion-guard/packages/legions-decorator/dist/legions-mobx-decorator.esm.js": {"path":"/Users/duanguang/Documents/Front-End/legions/legion-guard/packages/legions-decorator/dist/legions-mobx-decorator.esm.js","statementMap":{"0":{"start":{"line":6,"column":0},"end":{"line":35,"column":5}},"1":{"start":{"line":7,"column":2},"end":{"line":9,"column":116}},"2":{"start":{"line":12,"column":27},"end":{"line":12,"column":41}},"3":{"start":{"line":22,"column":6},"end":{"line":27,"column":null}},"4":{"start":{"line":23,"column":10},"end":{"line":23,"column":39}},"5":{"start":{"line":26,"column":10},"end":{"line":26,"column":97}},"6":{"start":{"line":28,"column":6},"end":{"line":28,"column":69}},"7":{"start":{"line":31,"column":2},"end":{"line":31,"column":46}},"8":{"start":{"line":33,"column":2},"end":{"line":33,"column":64}}},"fnMap":{"0":{"name":"(anonymous_0)","decl":{"start":{"line":6,"column":1},"end":{"line":6,"column":11}},"loc":{"start":{"line":6,"column":26},"end":{"line":10,"column":1}}},"1":{"name":"(anonymous_1)","decl":{"start":{"line":10,"column":9},"end":{"line":10,"column":19}},"loc":{"start":{"line":10,"column":26},"end":{"line":35,"column":1}}},"2":{"name":"FormRuleProperty","decl":{"start":{"line":20,"column":11},"end":{"line":20,"column":27}},"loc":{"start":{"line":20,"column":36},"end":{"line":29,"column":3}}}},"branchMap":{"0":{"loc":{"start":{"line":7,"column":65},"end":{"line":7,"column":147}},"type":"cond-expr","locations":[{"start":{"line":7,"column":65},"end":{"line":7,"column":147}},{"start":{"line":8,"column":2},"end":{"line":9,"column":115}}]},"1":{"loc":{"start":{"line":7,"column":2},"end":{"line":7,"column":29}},"type":"binary-expr","locations":[{"start":{"line":7,"column":2},"end":{"line":7,"column":29}},{"start":{"line":7,"column":33},"end":{"line":7,"column":62}}]},"2":{"loc":{"start":{"line":8,"column":47},"end":{"line":8,"column":123}},"type":"cond-expr","locations":[{"start":{"line":8,"column":47},"end":{"line":8,"column":123}},{"start":{"line":9,"column":3},"end":{"line":9,"column":114}}]},"3":{"loc":{"start":{"line":8,"column":2},"end":{"line":8,"column":30}},"type":"binary-expr","locations":[{"start":{"line":8,"column":2},"end":{"line":8,"column":30}},{"start":{"line":8,"column":34},"end":{"line":8,"column":44}}]},"4":{"loc":{"start":{"line":9,"column":48},"end":{"line":9,"column":58}},"type":"cond-expr","locations":[{"start":{"line":9,"column":48},"end":{"line":9,"column":58}},{"start":{"line":9,"column":61},"end":{"line":9,"column":75}}]},"5":{"loc":{"start":{"line":9,"column":61},"end":{"line":9,"column":67}},"type":"binary-expr","locations":[{"start":{"line":9,"column":61},"end":{"line":9,"column":67}},{"start":{"line":9,"column":71},"end":{"line":9,"column":75}}]},"6":{"loc":{"start":{"line":22,"column":6},"end":{"line":27,"column":null}},"type":"if","locations":[{"start":{"line":22,"column":6},"end":{"line":27,"column":null}},{"start":{"line":22,"column":6},"end":{"line":27,"column":null}}]},"7":{"loc":{"start":{"line":22,"column":10},"end":{"line":22,"column":18}},"type":"binary-expr","locations":[{"start":{"line":22,"column":10},"end":{"line":22,"column":18}},{"start":{"line":22,"column":22},"end":{"line":22,"column":50}}]}},"s":{"0":1,"1":1,"2":1,"3":0,"4":0,"5":0,"6":0,"7":1,"8":1},"f":{"0":1,"1":1,"2":0},"b":{"0":[1,0],"1":[1,1],"2":[0,0],"3":[0,0],"4":[0,0],"5":[0,0],"6":[0,0],"7":[0,0]}}
}
