TN:
SF:/Users/linzeqin/project/library/legion-guard/packages/legions-decorator/src/enum.plus/index.ts
FN:26,(anonymous_0)
FN:29,EnumMemberClass
FN:39,(anonymous_2)
FN:49,(anonymous_3)
FN:74,EnumDesc
FN:75,(anonymous_5)
FN:89,(anonymous_6)
FN:97,(anonymous_8)
FN:113,(anonymous_9)
FN:130,(anonymous_10)
FN:155,(anonymous_12)
FNF:11
FNH:11
FNDA:1,(anonymous_0)
FNDA:12,EnumMemberClass
FNDA:241,(anonymous_2)
FNDA:177,(anonymous_3)
FNDA:12,EnumDesc
FNDA:12,(anonymous_5)
FNDA:3,(anonymous_6)
FNDA:3,(anonymous_8)
FNDA:3,(anonymous_9)
FNDA:10,(anonymous_10)
FNDA:112,(anonymous_12)
DA:26,1
DA:30,12
DA:31,12
DA:39,1
DA:40,241
DA:49,1
DA:50,177
DA:52,1
DA:74,1
DA:75,12
DA:76,12
DA:89,1
DA:97,1
DA:98,3
DA:99,11
DA:100,11
DA:101,2
DA:104,1
DA:113,1
DA:114,3
DA:115,11
DA:116,11
DA:117,2
DA:120,1
DA:130,1
DA:131,10
DA:132,112
DA:133,112
DA:134,112
DA:138,63
DA:142,45
DA:146,36
DA:149,33
DA:150,33
DA:152,33
DA:153,20
DA:156,112
DA:157,80
DA:158,60
DA:162,13
DA:168,10
DA:170,1
LF:42
LH:42
BRDA:100,0,0,2
BRDA:100,0,1,9
BRDA:100,1,0,11
BRDA:100,1,1,3
BRDA:116,2,0,2
BRDA:116,2,1,9
BRDA:116,3,0,11
BRDA:116,3,1,3
BRDA:134,4,0,49
BRDA:134,4,1,63
BRDA:138,5,0,18
BRDA:138,5,1,45
BRDA:138,6,0,63
BRDA:138,6,1,63
BRDA:138,6,2,63
BRDA:142,7,0,9
BRDA:142,7,1,36
BRDA:142,8,0,45
BRDA:142,8,1,45
BRDA:142,8,2,45
BRDA:146,9,0,3
BRDA:146,9,1,33
BRDA:146,10,0,36
BRDA:146,10,1,28
BRDA:146,10,2,8
BRDA:152,11,0,20
BRDA:152,11,1,13
BRDA:152,12,0,33
BRDA:152,12,1,25
BRDA:156,13,0,32
BRDA:156,13,1,80
BRDA:157,14,0,20
BRDA:157,14,1,60
BRF:33
BRH:33
end_of_record
