TN:
SF:/Users/duanguang/Documents/Front-End/legions/legion-guard/packages/legions-decorator/dist/legions-mobx-decorator.esm.js
FN:6,(anonymous_0)
FN:10,(anonymous_1)
FN:20,FormRuleProperty
FNF:3
FNH:2
FNDA:1,(anonymous_0)
FNDA:1,(anonymous_1)
FNDA:0,FormRuleProperty
DA:6,1
DA:7,1
DA:12,1
DA:22,0
DA:23,0
DA:26,0
DA:28,0
DA:31,1
DA:33,1
LF:9
LH:5
BRDA:7,0,0,1
BRDA:7,0,1,0
BRDA:7,1,0,1
BRDA:7,1,1,1
BRDA:8,2,0,0
BRDA:8,2,1,0
BRDA:8,3,0,0
BRDA:8,3,1,0
BRDA:9,4,0,0
BRDA:9,4,1,0
BRDA:9,5,0,0
BRDA:9,5,1,0
BRDA:22,6,0,0
BRDA:22,6,1,0
BRDA:22,7,0,0
BRDA:22,7,1,0
BRF:16
BRH:3
end_of_record
